<?xml version="1.0" encoding="UTF-8"?>
<testng-results ignored="0" total="1" passed="1" failed="0" skipped="0">
  <reporter-output>
  </reporter-output>
  <suite started-at="2025-10-20T19:36:37 TRT" name="Surefire suite" finished-at="2025-10-20T19:36:45 TRT" duration-ms="7440">
    <groups>
      <group name="cucumber">
        <method signature="AbstractTestNGCucumberTests.runScenario(io.cucumber.testng.PickleWrapper,io.cucumber.testng.FeatureWrapper)[pri:0, instance:runners.TestRunner@367f0121]" name="runScenario" class="io.cucumber.testng.AbstractTestNGCucumberTests"/>
      </group> <!-- cucumber -->
    </groups>
    <test started-at="2025-10-20T19:36:37 TRT" name="Surefire test" finished-at="2025-10-20T19:36:45 TRT" duration-ms="7440">
      <class name="runners.TestRunner">
        <test-method is-config="true" signature="setUpClass(org.testng.ITestContext)[pri:0, instance:runners.TestRunner@367f0121]" started-at="2025-10-20T19:36:37 TRT" name="setUpClass" finished-at="2025-10-20T19:36:38 TRT" duration-ms="104" status="PASS">
          <params>
            <param index="0">
              <value>
                <![CDATA[org.testng.TestRunner@113ee1ce]]>
              </value>
            </param>
          </params>
          <reporter-output>
          </reporter-output>
        </test-method> <!-- setUpClass -->
        <test-method signature="runScenario(io.cucumber.testng.PickleWrapper,io.cucumber.testng.FeatureWrapper)[pri:0, instance:runners.TestRunner@367f0121]" started-at="2025-10-20T19:36:38 TRT" name="runScenario" description="Runs Cucumber Scenarios" data-provider="scenarios" finished-at="2025-10-20T19:36:45 TRT" duration-ms="7313" status="PASS">
          <params>
            <param index="0">
              <value>
                <![CDATA["Validate default and updated texts in Custom Title Activity"]]>
              </value>
            </param>
            <param index="1">
              <value>
                <![CDATA["Custom Title Activity Validation"]]>
              </value>
            </param>
          </params>
          <reporter-output>
          </reporter-output>
        </test-method> <!-- runScenario -->
        <test-method is-config="true" signature="tearDownClass()[pri:0, instance:runners.TestRunner@367f0121]" started-at="2025-10-20T19:36:45 TRT" name="tearDownClass" finished-at="2025-10-20T19:36:45 TRT" duration-ms="2" status="PASS">
          <reporter-output>
          </reporter-output>
        </test-method> <!-- tearDownClass -->
      </class> <!-- runners.TestRunner -->
    </test> <!-- Surefire test -->
  </suite> <!-- Surefire suite -->
</testng-results>
