<?xml version="1.0" encoding="UTF-8"?>
<testng-results ignored="0" total="1" passed="1" failed="0" skipped="0">
  <reporter-output>
  </reporter-output>
  <suite started-at="2025-10-23T14:24:53 TRT" name="Surefire suite" finished-at="2025-10-23T14:25:12 TRT" duration-ms="18509">
    <groups>
      <group name="cucumber">
        <method signature="AbstractTestNGCucumberTests.runScenario(io.cucumber.testng.PickleWrapper,io.cucumber.testng.FeatureWrapper)[pri:0, instance:runners.TestRunner@5d96bdf8]" name="runScenario" class="io.cucumber.testng.AbstractTestNGCucumberTests"/>
      </group> <!-- cucumber -->
    </groups>
    <test started-at="2025-10-23T14:24:53 TRT" name="Surefire test" finished-at="2025-10-23T14:25:12 TRT" duration-ms="18509">
      <class name="runners.TestRunner">
        <test-method is-config="true" signature="setUpClass(org.testng.ITestContext)[pri:0, instance:runners.TestRunner@5d96bdf8]" started-at="2025-10-23T14:24:53 TRT" name="setUpClass" finished-at="2025-10-23T14:24:53 TRT" duration-ms="159" status="PASS">
          <params>
            <param index="0">
              <value>
                <![CDATA[org.testng.TestRunner@3e26482]]>
              </value>
            </param>
          </params>
          <reporter-output>
          </reporter-output>
        </test-method> <!-- setUpClass -->
        <test-method signature="runScenario(io.cucumber.testng.PickleWrapper,io.cucumber.testng.FeatureWrapper)[pri:0, instance:runners.TestRunner@5d96bdf8]" started-at="2025-10-23T14:24:53 TRT" name="runScenario" description="Runs Cucumber Scenarios" data-provider="scenarios" finished-at="2025-10-23T14:25:12 TRT" duration-ms="18309" status="PASS">
          <params>
            <param index="0">
              <value>
                <![CDATA["Validate default and updated texts in Custom Title Activity"]]>
              </value>
            </param>
            <param index="1">
              <value>
                <![CDATA["Custom Title Update"]]>
              </value>
            </param>
          </params>
          <reporter-output>
          </reporter-output>
        </test-method> <!-- runScenario -->
        <test-method is-config="true" signature="tearDownClass()[pri:0, instance:runners.TestRunner@5d96bdf8]" started-at="2025-10-23T14:25:12 TRT" name="tearDownClass" finished-at="2025-10-23T14:25:12 TRT" duration-ms="7" status="PASS">
          <reporter-output>
          </reporter-output>
        </test-method> <!-- tearDownClass -->
      </class> <!-- runners.TestRunner -->
    </test> <!-- Surefire test -->
  </suite> <!-- Surefire suite -->
</testng-results>
