<?xml version="1.0" encoding="UTF-8"?>
<!-- Generated by org.testng.reporters.JUnitReportReporter -->
<testsuite hostname="192.168.1.33" failures="1" tests="1" name="runners.TestRunner" time="21.755" errors="0" timestamp="2025-10-23T14:22:45 TRT" skipped="0">
  <testcase classname="runners.TestRunner" name="runScenario" time="21.755">
    <failure message="The menu item is not displayed. App  expected [true] but found [false]" type="java.lang.AssertionError">
      <![CDATA[java.lang.AssertionError: The menu item is not displayed. App  expected [true] but found [false]
at org.testng.Assert.fail(Assert.java:111)
at org.testng.Assert.failNotEquals(Assert.java:1578)
at org.testng.Assert.assertTrue(Assert.java:57)
at pages.BasePage.assertTrue(BasePage.java:133)
at pages.BasePage.assertVisible(BasePage.java:155)
at pages.CommonPage.navigateToMenu(CommonPage.java:37)
at stepdefinations.CommonSteps.theUserNavigatesToMenu(CommonSteps.java:13)
at ✽.the user navigates to the following menu(file:///Users/katali/Desktop/TeknasyonAppiumQAFramework/src/test/resources/Feature/CustomTitleUpdateTest.feature:5)
]]>
    </failure>
  </testcase> <!-- runScenario -->
</testsuite> <!-- runners.TestRunner -->
