<?xml version="1.0" encoding="UTF-8"?>
<testsuite xmlns:xsi="http://www.w3.org/2001/XMLSchema-instance" xsi:noNamespaceSchemaLocation="https://maven.apache.org/surefire/maven-surefire-plugin/xsd/surefire-test-report-3.0.xsd" version="3.0" name="runners.TestRunner" time="8.965" tests="1" errors="0" skipped="0" failures="1">
  <properties>
[...]
</properties>
  <testcase name="runScenario[&quot;Validate default and updated texts in Custom Title Activity&quot;, &quot;Custom Title Activity Validation&quot;](1)" classname="runners.TestRunner" time="8.323">
    <failure message="Test failed" type="java.lang.AssertionError"><![CDATA[java.lang.AssertionError: Test failed
	at org.testng.Assert.fail(Assert.java:111)
	at pages.BasePage.assertFail(BasePage.java:110)
	at pages.CommonPage.navigateToMenu(CommonPage.java:40)
	at stepdefinations.CommonSteps.theUserNavigatesToMenu(CommonSteps.java:13)
	at ✽.the user navigates to the following menu(file:///Users/katali/Desktop/TeknasyonAppiumQAFramework/src/test/resources/Feature/CustomTitleValidation.feature:5)
]]></failure>
    <system-out><![CDATA[19:34:04.704 [TestNG-PoolService-1] INFO config.AppSettings -- Konfigürasyon yüklendi. Platform: android
19:34:04.706 [TestNG-PoolService-1] INFO stepdefinations.Hooks -- Senaryo başlıyor: Validate default and updated texts in Custom Title Activity [Thread: 32]
19:34:04.707 [TestNG-PoolService-1] INFO driver.DriverManager -- Platform: android için driver başlatılıyor...
19:34:04.707 [TestNG-PoolService-1] DEBUG driver.DriverManager -- AndroidDriverFactory seçildi
19:34:04.747 [TestNG-PoolService-1] DEBUG driver.AndroidDriverFactory -- Android Capability set: app = /Users/katali/Desktop/TeknasyonAppiumQAFramework/app/ApiDemos.apk
19:34:04.747 [TestNG-PoolService-1] DEBUG driver.AndroidDriverFactory -- Android Capability set: appPackage = io.appium.android.apis
19:34:04.747 [TestNG-PoolService-1] DEBUG driver.AndroidDriverFactory -- Android Capability set: platformVersion = 12.0
19:34:04.747 [TestNG-PoolService-1] DEBUG driver.AndroidDriverFactory -- Android Capability set: automationName = UiAutomator2
19:34:04.747 [TestNG-PoolService-1] DEBUG driver.AndroidDriverFactory -- Android Capability set: platformName = Android
19:34:04.747 [TestNG-PoolService-1] DEBUG driver.AndroidDriverFactory -- Android Capability set: deviceName = emulator-5554
19:34:04.747 [TestNG-PoolService-1] INFO driver.AndroidDriverFactory -- Android driver oluşturuluyor... Thread: 32
19:34:04.820 [TestNG-PoolService-1] DEBUG io.netty.util.internal.logging.InternalLoggerFactory -- Using SLF4J as the default logging framework
19:34:04.822 [TestNG-PoolService-1] DEBUG io.netty.util.ResourceLeakDetector -- -Dio.netty.leakDetection.level: simple
19:34:04.822 [TestNG-PoolService-1] DEBUG io.netty.util.ResourceLeakDetector -- -Dio.netty.leakDetection.targetRecords: 4
19:34:04.825 [TestNG-PoolService-1] DEBUG io.netty.util.ResourceLeakDetectorFactory -- Loaded default ResourceLeakDetector: io.netty.util.ResourceLeakDetector@112fec18
19:34:04.841 [TestNG-PoolService-1] DEBUG io.netty.util.internal.PlatformDependent0 -- -Dio.netty.noUnsafe: false
19:34:04.841 [TestNG-PoolService-1] DEBUG io.netty.util.internal.PlatformDependent0 -- Java version: 21
19:34:04.841 [TestNG-PoolService-1] DEBUG io.netty.util.internal.PlatformDependent0 -- sun.misc.Unsafe.theUnsafe: available
19:34:04.842 [TestNG-PoolService-1] DEBUG io.netty.util.internal.PlatformDependent0 -- sun.misc.Unsafe.copyMemory: available
19:34:04.842 [TestNG-PoolService-1] DEBUG io.netty.util.internal.PlatformDependent0 -- sun.misc.Unsafe.storeFence: available
19:34:04.842 [TestNG-PoolService-1] DEBUG io.netty.util.internal.PlatformDependent0 -- java.nio.Buffer.address: available
19:34:04.842 [TestNG-PoolService-1] DEBUG io.netty.util.internal.PlatformDependent0 -- direct buffer constructor: unavailable: Reflective setAccessible(true) disabled
19:34:04.843 [TestNG-PoolService-1] DEBUG io.netty.util.internal.PlatformDependent0 -- java.nio.Bits.unaligned: available, true
19:34:04.844 [TestNG-PoolService-1] DEBUG io.netty.util.internal.PlatformDependent0 -- jdk.internal.misc.Unsafe.allocateUninitializedArray(int): unavailable: class io.netty.util.internal.PlatformDependent0$7 cannot access class jdk.internal.misc.Unsafe (in module java.base) because module java.base does not export jdk.internal.misc to unnamed module @1187c9e8
19:34:04.844 [TestNG-PoolService-1] DEBUG io.netty.util.internal.PlatformDependent0 -- java.nio.DirectByteBuffer.<init>(long, {int,long}): unavailable
19:34:04.844 [TestNG-PoolService-1] DEBUG io.netty.util.internal.PlatformDependent -- sun.misc.Unsafe: available
19:34:04.845 [TestNG-PoolService-1] DEBUG io.netty.util.internal.PlatformDependent -- maxDirectMemory: 4294967296 bytes (maybe)
19:34:04.845 [TestNG-PoolService-1] DEBUG io.netty.util.internal.PlatformDependent -- -Dio.netty.tmpdir: /var/folders/89/p9vwmd697t94vh6bjdl14h900000gn/T (java.io.tmpdir)
19:34:04.845 [TestNG-PoolService-1] DEBUG io.netty.util.internal.PlatformDependent -- -Dio.netty.bitMode: 64 (sun.arch.data.model)
19:34:04.845 [TestNG-PoolService-1] DEBUG io.netty.util.internal.PlatformDependent -- Platform: MacOS
19:34:04.845 [TestNG-PoolService-1] DEBUG io.netty.util.internal.PlatformDependent -- -Dio.netty.maxDirectMemory: -1 bytes
19:34:04.845 [TestNG-PoolService-1] DEBUG io.netty.util.internal.PlatformDependent -- -Dio.netty.uninitializedArrayAllocationThreshold: -1
19:34:04.845 [TestNG-PoolService-1] DEBUG io.netty.util.internal.CleanerJava9 -- java.nio.ByteBuffer.cleaner(): available
19:34:04.846 [TestNG-PoolService-1] DEBUG io.netty.util.internal.PlatformDependent -- -Dio.netty.noPreferDirect: false
19:34:04.852 [TestNG-PoolService-1] DEBUG io.netty.util.internal.PlatformDependent -- org.jctools-core.MpscChunkedArrayQueue: available
19:34:04.866 [TestNG-PoolService-1] DEBUG io.netty.util.internal.InternalThreadLocalMap -- -Dio.netty.threadLocalMap.stringBuilder.initialSize: 1024
19:34:04.866 [TestNG-PoolService-1] DEBUG io.netty.util.internal.InternalThreadLocalMap -- -Dio.netty.threadLocalMap.stringBuilder.maxSize: 4096
19:34:04.948 [TestNG-PoolService-1] DEBUG io.netty.handler.ssl.JdkSslContext -- Default protocols (JDK): [TLSv1.3, TLSv1.2] 
19:34:04.948 [TestNG-PoolService-1] DEBUG io.netty.handler.ssl.JdkSslContext -- Default cipher suites (JDK): [TLS_ECDHE_ECDSA_WITH_AES_256_GCM_SHA384, TLS_ECDHE_ECDSA_WITH_AES_128_GCM_SHA256, TLS_ECDHE_RSA_WITH_AES_128_GCM_SHA256, TLS_ECDHE_RSA_WITH_AES_256_GCM_SHA384, TLS_ECDHE_RSA_WITH_AES_128_CBC_SHA, TLS_ECDHE_RSA_WITH_AES_256_CBC_SHA, TLS_RSA_WITH_AES_128_GCM_SHA256, TLS_RSA_WITH_AES_128_CBC_SHA, TLS_RSA_WITH_AES_256_CBC_SHA, TLS_AES_128_GCM_SHA256, TLS_AES_256_GCM_SHA384]
19:34:04.960 [TestNG-PoolService-1] DEBUG io.netty.util.concurrent.GlobalEventExecutor -- -Dio.netty.globalEventExecutor.quietPeriodSeconds: 1
19:34:04.970 [TestNG-PoolService-1] DEBUG io.netty.channel.MultithreadEventLoopGroup -- -Dio.netty.eventLoopThreads: 16
19:34:04.975 [TestNG-PoolService-1] DEBUG io.netty.channel.nio.NioEventLoop -- -Dio.netty.noKeySetOptimization: false
19:34:04.975 [TestNG-PoolService-1] DEBUG io.netty.channel.nio.NioEventLoop -- -Dio.netty.selectorAutoRebuildThreshold: 512
19:34:05.007 [TestNG-PoolService-1] DEBUG io.netty.buffer.PooledByteBufAllocator -- -Dio.netty.allocator.numHeapArenas: 16
19:34:05.007 [TestNG-PoolService-1] DEBUG io.netty.buffer.PooledByteBufAllocator -- -Dio.netty.allocator.numDirectArenas: 16
19:34:05.007 [TestNG-PoolService-1] DEBUG io.netty.buffer.PooledByteBufAllocator -- -Dio.netty.allocator.pageSize: 8192
19:34:05.007 [TestNG-PoolService-1] DEBUG io.netty.buffer.PooledByteBufAllocator -- -Dio.netty.allocator.maxOrder: 9
19:34:05.007 [TestNG-PoolService-1] DEBUG io.netty.buffer.PooledByteBufAllocator -- -Dio.netty.allocator.chunkSize: 4194304
19:34:05.007 [TestNG-PoolService-1] DEBUG io.netty.buffer.PooledByteBufAllocator -- -Dio.netty.allocator.smallCacheSize: 256
19:34:05.007 [TestNG-PoolService-1] DEBUG io.netty.buffer.PooledByteBufAllocator -- -Dio.netty.allocator.normalCacheSize: 64
19:34:05.007 [TestNG-PoolService-1] DEBUG io.netty.buffer.PooledByteBufAllocator -- -Dio.netty.allocator.maxCachedBufferCapacity: 32768
19:34:05.007 [TestNG-PoolService-1] DEBUG io.netty.buffer.PooledByteBufAllocator -- -Dio.netty.allocator.cacheTrimInterval: 8192
19:34:05.007 [TestNG-PoolService-1] DEBUG io.netty.buffer.PooledByteBufAllocator -- -Dio.netty.allocator.cacheTrimIntervalMillis: 0
19:34:05.007 [TestNG-PoolService-1] DEBUG io.netty.buffer.PooledByteBufAllocator -- -Dio.netty.allocator.useCacheForAllThreads: false
19:34:05.007 [TestNG-PoolService-1] DEBUG io.netty.buffer.PooledByteBufAllocator -- -Dio.netty.allocator.maxCachedByteBuffersPerChunk: 1023
19:34:05.015 [TestNG-PoolService-1] DEBUG io.netty.buffer.ByteBufUtil -- -Dio.netty.allocator.type: pooled
19:34:05.015 [TestNG-PoolService-1] DEBUG io.netty.buffer.ByteBufUtil -- -Dio.netty.threadLocalDirectBufferSize: 0
19:34:05.015 [TestNG-PoolService-1] DEBUG io.netty.buffer.ByteBufUtil -- -Dio.netty.maxThreadLocalCharBufferSize: 16384
19:34:05.133 [Forwarding newSession on session null to remote] DEBUG io.netty.channel.DefaultChannelId -- -Dio.netty.processId: 98811 (auto-detected)
19:34:05.134 [Forwarding newSession on session null to remote] DEBUG io.netty.util.NetUtil -- -Djava.net.preferIPv4Stack: false
19:34:05.134 [Forwarding newSession on session null to remote] DEBUG io.netty.util.NetUtil -- -Djava.net.preferIPv6Addresses: false
19:34:05.136 [Forwarding newSession on session null to remote] DEBUG io.netty.util.NetUtilInitializations -- Loopback interface: lo0 (lo0, 0:0:0:0:0:0:0:1%lo0)
19:34:05.136 [Forwarding newSession on session null to remote] DEBUG io.netty.util.NetUtil -- Failed to get SOMAXCONN from sysctl and file /proc/sys/net/core/somaxconn. Default: 128
19:34:05.137 [Forwarding newSession on session null to remote] DEBUG io.netty.channel.DefaultChannelId -- -Dio.netty.machineId: 16:11:40:ff:fe:8d:ce:22 (auto-detected)
19:34:05.159 [AsyncHttpClient-1-2] DEBUG io.netty.buffer.AbstractByteBuf -- -Dio.netty.buffer.checkAccessible: true
19:34:05.159 [AsyncHttpClient-1-2] DEBUG io.netty.buffer.AbstractByteBuf -- -Dio.netty.buffer.checkBounds: true
19:34:05.159 [AsyncHttpClient-1-2] DEBUG io.netty.util.ResourceLeakDetectorFactory -- Loaded default ResourceLeakDetector: io.netty.util.ResourceLeakDetector@500b922
19:34:05.175 [AsyncHttpClient-1-2] DEBUG org.asynchttpclient.netty.channel.NettyConnectListener -- Using new Channel '[id: 0xd7e5df04, L:/127.0.0.1:58789 - R:localhost/127.0.0.1:4723]' for 'POST' to '/session'
19:34:05.184 [AsyncHttpClient-1-2] DEBUG io.netty.util.Recycler -- -Dio.netty.recycler.maxCapacityPerThread: 4096
19:34:05.184 [AsyncHttpClient-1-2] DEBUG io.netty.util.Recycler -- -Dio.netty.recycler.ratio: 8
19:34:05.184 [AsyncHttpClient-1-2] DEBUG io.netty.util.Recycler -- -Dio.netty.recycler.chunkSize: 32
19:34:05.184 [AsyncHttpClient-1-2] DEBUG io.netty.util.Recycler -- -Dio.netty.recycler.blocking: false
19:34:05.184 [AsyncHttpClient-1-2] DEBUG io.netty.util.Recycler -- -Dio.netty.recycler.batchFastThreadLocalOnly: true
19:34:08.554 [AsyncHttpClient-1-2] DEBUG io.netty.handler.codec.compression.Brotli -- brotli4j not in the classpath; Brotli support will be unavailable.
19:34:08.555 [AsyncHttpClient-1-2] DEBUG org.asynchttpclient.netty.handler.HttpHandler -- 

Request DefaultHttpRequest(decodeResult: success, version: HTTP/1.1)
POST /session HTTP/1.1
X-Idempotency-Key: a342ca49-2355-47db-b6ae-25a476dacb91
User-Agent: appium/8.6.0 (selenium/4.13.0 (java mac))
Content-Length: 432
Content-Type: application/json; charset=utf-8
host: localhost:4723
accept: */*

Response DefaultHttpResponse(decodeResult: success, version: HTTP/1.1)
HTTP/1.1 200 OK
X-Powered-By: Express
Vary: X-HTTP-Method-Override
Content-Type: application/json; charset=utf-8
Content-Length: 1049
ETag: W/"419-5fHUhS64Yr9HsH+0S1cPRmtcHfM"
Date: Mon, 20 Oct 2025 16:34:08 GMT
Connection: keep-alive
Keep-Alive: timeout=600

19:34:08.560 [AsyncHttpClient-1-2] DEBUG org.asynchttpclient.netty.channel.ChannelManager -- Adding key: http://localhost:4723 for channel [id: 0xd7e5df04, L:/127.0.0.1:58789 - R:localhost/127.0.0.1:4723]
19:34:08.611 [Forwarding setTimeout on session f9731274-69b7-4174-91ce-9f4185bbb0aa to remote] DEBUG org.asynchttpclient.netty.request.NettyRequestSender -- Using pooled Channel '[id: 0xd7e5df04, L:/127.0.0.1:58789 - R:localhost/127.0.0.1:4723]' for 'POST' to 'http://localhost:4723/session/f9731274-69b7-4174-91ce-9f4185bbb0aa/timeouts'
19:34:08.611 [Forwarding setTimeout on session f9731274-69b7-4174-91ce-9f4185bbb0aa to remote] DEBUG org.asynchttpclient.netty.request.NettyRequestSender -- Using open Channel [id: 0xd7e5df04, L:/127.0.0.1:58789 - R:localhost/127.0.0.1:4723] for POST '/session/f9731274-69b7-4174-91ce-9f4185bbb0aa/timeouts'
19:34:08.617 [AsyncHttpClient-1-2] DEBUG org.asynchttpclient.netty.handler.HttpHandler -- 

Request DefaultHttpRequest(decodeResult: success, version: HTTP/1.1)
POST /session/f9731274-69b7-4174-91ce-9f4185bbb0aa/timeouts HTTP/1.1
User-Agent: appium/8.6.0 (selenium/4.13.0 (java mac))
Content-Length: 23
Content-Type: application/json; charset=utf-8
host: localhost:4723
accept: */*

Response DefaultHttpResponse(decodeResult: success, version: HTTP/1.1)
HTTP/1.1 200 OK
X-Powered-By: Express
Vary: X-HTTP-Method-Override
Content-Type: application/json; charset=utf-8
Content-Length: 14
ETag: W/"e-9/1BuKMgFObM1mWJm+YjxtXJnUM"
Date: Mon, 20 Oct 2025 16:34:08 GMT
Connection: keep-alive
Keep-Alive: timeout=600

19:34:08.617 [AsyncHttpClient-1-2] DEBUG org.asynchttpclient.netty.channel.ChannelManager -- Adding key: http://localhost:4723 for channel [id: 0xd7e5df04, L:/127.0.0.1:58789 - R:localhost/127.0.0.1:4723]
19:34:08.619 [TestNG-PoolService-1] INFO driver.AndroidDriverFactory -- Android driver başarıyla oluşturuldu. Thread: 32
19:34:08.619 [TestNG-PoolService-1] INFO driver.DriverManager -- Driver başarıyla başlatıldı. Thread: 32
19:34:08.685 [TestNG-PoolService-1] INFO pages.CommonPage -- Navigating to menu item: App
19:34:08.687 [Forwarding findElement on session f9731274-69b7-4174-91ce-9f4185bbb0aa to remote] DEBUG org.asynchttpclient.netty.request.NettyRequestSender -- Using pooled Channel '[id: 0xd7e5df04, L:/127.0.0.1:58789 - R:localhost/127.0.0.1:4723]' for 'POST' to 'http://localhost:4723/session/f9731274-69b7-4174-91ce-9f4185bbb0aa/element'
19:34:08.687 [Forwarding findElement on session f9731274-69b7-4174-91ce-9f4185bbb0aa to remote] DEBUG org.asynchttpclient.netty.request.NettyRequestSender -- Using open Channel [id: 0xd7e5df04, L:/127.0.0.1:58789 - R:localhost/127.0.0.1:4723] for POST '/session/f9731274-69b7-4174-91ce-9f4185bbb0aa/element'
19:34:09.159 [AsyncHttpClient-1-2] DEBUG org.asynchttpclient.netty.handler.HttpHandler -- 

Request DefaultHttpRequest(decodeResult: success, version: HTTP/1.1)
POST /session/f9731274-69b7-4174-91ce-9f4185bbb0aa/element HTTP/1.1
User-Agent: appium/8.6.0 (selenium/4.13.0 (java mac))
Content-Length: 93
Content-Type: application/json; charset=utf-8
host: localhost:4723
accept: */*

Response DefaultHttpResponse(decodeResult: success, version: HTTP/1.1)
HTTP/1.1 200 OK
X-Powered-By: Express
Vary: X-HTTP-Method-Override
Content-Type: application/json; charset=utf-8
Content-Length: 137
ETag: W/"89-WD+OqVXc++NNyKmSfy9AzybSXew"
Date: Mon, 20 Oct 2025 16:34:09 GMT
Connection: keep-alive
Keep-Alive: timeout=600

19:34:09.159 [AsyncHttpClient-1-2] DEBUG org.asynchttpclient.netty.channel.ChannelManager -- Adding key: http://localhost:4723 for channel [id: 0xd7e5df04, L:/127.0.0.1:58789 - R:localhost/127.0.0.1:4723]
19:34:09.163 [Forwarding isElementDisplayed on session f9731274-69b7-4174-91ce-9f4185bbb0aa to remote] DEBUG org.asynchttpclient.netty.request.NettyRequestSender -- Using pooled Channel '[id: 0xd7e5df04, L:/127.0.0.1:58789 - R:localhost/127.0.0.1:4723]' for 'GET' to 'http://localhost:4723/session/f9731274-69b7-4174-91ce-9f4185bbb0aa/element/00000000-0000-0142-ffff-ffff0000000c/displayed'
19:34:09.164 [Forwarding isElementDisplayed on session f9731274-69b7-4174-91ce-9f4185bbb0aa to remote] DEBUG org.asynchttpclient.netty.request.NettyRequestSender -- Using open Channel [id: 0xd7e5df04, L:/127.0.0.1:58789 - R:localhost/127.0.0.1:4723] for GET '/session/f9731274-69b7-4174-91ce-9f4185bbb0aa/element/00000000-0000-0142-ffff-ffff0000000c/displayed'
19:34:09.176 [AsyncHttpClient-1-2] DEBUG org.asynchttpclient.netty.handler.HttpHandler -- 

Request DefaultFullHttpRequest(decodeResult: success, version: HTTP/1.1, content: EmptyByteBufBE)
GET /session/f9731274-69b7-4174-91ce-9f4185bbb0aa/element/00000000-0000-0142-ffff-ffff0000000c/displayed HTTP/1.1
Cache-Control: no-cache
User-Agent: appium/8.6.0 (selenium/4.13.0 (java mac))
Content-Type: application/json; charset=utf-8
host: localhost:4723
accept: */*

Response DefaultHttpResponse(decodeResult: success, version: HTTP/1.1)
HTTP/1.1 200 OK
X-Powered-By: Express
Content-Type: application/json; charset=utf-8
Content-Length: 14
ETag: W/"e-2ZHvAWebNQpyjGZTg6uyV8/spTo"
Date: Mon, 20 Oct 2025 16:34:09 GMT
Connection: keep-alive
Keep-Alive: timeout=600

19:34:09.177 [AsyncHttpClient-1-2] DEBUG org.asynchttpclient.netty.channel.ChannelManager -- Adding key: http://localhost:4723 for channel [id: 0xd7e5df04, L:/127.0.0.1:58789 - R:localhost/127.0.0.1:4723]
19:34:09.178 [Forwarding isElementDisplayed on session f9731274-69b7-4174-91ce-9f4185bbb0aa to remote] DEBUG org.asynchttpclient.netty.request.NettyRequestSender -- Using pooled Channel '[id: 0xd7e5df04, L:/127.0.0.1:58789 - R:localhost/127.0.0.1:4723]' for 'GET' to 'http://localhost:4723/session/f9731274-69b7-4174-91ce-9f4185bbb0aa/element/00000000-0000-0142-ffff-ffff0000000c/displayed'
19:34:09.179 [Forwarding isElementDisplayed on session f9731274-69b7-4174-91ce-9f4185bbb0aa to remote] DEBUG org.asynchttpclient.netty.request.NettyRequestSender -- Using open Channel [id: 0xd7e5df04, L:/127.0.0.1:58789 - R:localhost/127.0.0.1:4723] for GET '/session/f9731274-69b7-4174-91ce-9f4185bbb0aa/element/00000000-0000-0142-ffff-ffff0000000c/displayed'
19:34:09.186 [AsyncHttpClient-1-2] DEBUG org.asynchttpclient.netty.handler.HttpHandler -- 

Request DefaultFullHttpRequest(decodeResult: success, version: HTTP/1.1, content: EmptyByteBufBE)
GET /session/f9731274-69b7-4174-91ce-9f4185bbb0aa/element/00000000-0000-0142-ffff-ffff0000000c/displayed HTTP/1.1
Cache-Control: no-cache
User-Agent: appium/8.6.0 (selenium/4.13.0 (java mac))
Content-Type: application/json; charset=utf-8
host: localhost:4723
accept: */*

Response DefaultHttpResponse(decodeResult: success, version: HTTP/1.1)
HTTP/1.1 200 OK
X-Powered-By: Express
Content-Type: application/json; charset=utf-8
Content-Length: 14
ETag: W/"e-2ZHvAWebNQpyjGZTg6uyV8/spTo"
Date: Mon, 20 Oct 2025 16:34:09 GMT
Connection: keep-alive
Keep-Alive: timeout=600

19:34:09.186 [AsyncHttpClient-1-2] DEBUG org.asynchttpclient.netty.channel.ChannelManager -- Adding key: http://localhost:4723 for channel [id: 0xd7e5df04, L:/127.0.0.1:58789 - R:localhost/127.0.0.1:4723]
19:34:09.187 [Forwarding isElementEnabled on session f9731274-69b7-4174-91ce-9f4185bbb0aa to remote] DEBUG org.asynchttpclient.netty.request.NettyRequestSender -- Using pooled Channel '[id: 0xd7e5df04, L:/127.0.0.1:58789 - R:localhost/127.0.0.1:4723]' for 'GET' to 'http://localhost:4723/session/f9731274-69b7-4174-91ce-9f4185bbb0aa/element/00000000-0000-0142-ffff-ffff0000000c/enabled'
19:34:09.187 [Forwarding isElementEnabled on session f9731274-69b7-4174-91ce-9f4185bbb0aa to remote] DEBUG org.asynchttpclient.netty.request.NettyRequestSender -- Using open Channel [id: 0xd7e5df04, L:/127.0.0.1:58789 - R:localhost/127.0.0.1:4723] for GET '/session/f9731274-69b7-4174-91ce-9f4185bbb0aa/element/00000000-0000-0142-ffff-ffff0000000c/enabled'
19:34:09.194 [AsyncHttpClient-1-2] DEBUG org.asynchttpclient.netty.handler.HttpHandler -- 

Request DefaultFullHttpRequest(decodeResult: success, version: HTTP/1.1, content: EmptyByteBufBE)
GET /session/f9731274-69b7-4174-91ce-9f4185bbb0aa/element/00000000-0000-0142-ffff-ffff0000000c/enabled HTTP/1.1
Cache-Control: no-cache
User-Agent: appium/8.6.0 (selenium/4.13.0 (java mac))
Content-Type: application/json; charset=utf-8
host: localhost:4723
accept: */*

Response DefaultHttpResponse(decodeResult: success, version: HTTP/1.1)
HTTP/1.1 200 OK
X-Powered-By: Express
Content-Type: application/json; charset=utf-8
Content-Length: 14
ETag: W/"e-2ZHvAWebNQpyjGZTg6uyV8/spTo"
Date: Mon, 20 Oct 2025 16:34:09 GMT
Connection: keep-alive
Keep-Alive: timeout=600

19:34:09.195 [AsyncHttpClient-1-2] DEBUG org.asynchttpclient.netty.channel.ChannelManager -- Adding key: http://localhost:4723 for channel [id: 0xd7e5df04, L:/127.0.0.1:58789 - R:localhost/127.0.0.1:4723]
19:34:09.195 [Forwarding clickElement on session f9731274-69b7-4174-91ce-9f4185bbb0aa to remote] DEBUG org.asynchttpclient.netty.request.NettyRequestSender -- Using pooled Channel '[id: 0xd7e5df04, L:/127.0.0.1:58789 - R:localhost/127.0.0.1:4723]' for 'POST' to 'http://localhost:4723/session/f9731274-69b7-4174-91ce-9f4185bbb0aa/element/00000000-0000-0142-ffff-ffff0000000c/click'
19:34:09.195 [Forwarding clickElement on session f9731274-69b7-4174-91ce-9f4185bbb0aa to remote] DEBUG org.asynchttpclient.netty.request.NettyRequestSender -- Using open Channel [id: 0xd7e5df04, L:/127.0.0.1:58789 - R:localhost/127.0.0.1:4723] for POST '/session/f9731274-69b7-4174-91ce-9f4185bbb0aa/element/00000000-0000-0142-ffff-ffff0000000c/click'
19:34:09.951 [AsyncHttpClient-1-2] DEBUG org.asynchttpclient.netty.handler.HttpHandler -- 

Request DefaultHttpRequest(decodeResult: success, version: HTTP/1.1)
POST /session/f9731274-69b7-4174-91ce-9f4185bbb0aa/element/00000000-0000-0142-ffff-ffff0000000c/click HTTP/1.1
User-Agent: appium/8.6.0 (selenium/4.13.0 (java mac))
Content-Length: 50
Content-Type: application/json; charset=utf-8
host: localhost:4723
accept: */*

Response DefaultHttpResponse(decodeResult: success, version: HTTP/1.1)
HTTP/1.1 200 OK
X-Powered-By: Express
Vary: X-HTTP-Method-Override
Content-Type: application/json; charset=utf-8
Content-Length: 14
ETag: W/"e-9/1BuKMgFObM1mWJm+YjxtXJnUM"
Date: Mon, 20 Oct 2025 16:34:09 GMT
Connection: keep-alive
Keep-Alive: timeout=600

19:34:09.952 [AsyncHttpClient-1-2] DEBUG org.asynchttpclient.netty.channel.ChannelManager -- Adding key: http://localhost:4723 for channel [id: 0xd7e5df04, L:/127.0.0.1:58789 - R:localhost/127.0.0.1:4723]
19:34:09.954 [TestNG-PoolService-1] INFO pages.CommonPage -- Successfully navigated to menu item: App
19:34:09.954 [TestNG-PoolService-1] INFO pages.CommonPage -- Navigating to menu item: Activity
19:34:09.956 [Forwarding findElement on session f9731274-69b7-4174-91ce-9f4185bbb0aa to remote] DEBUG org.asynchttpclient.netty.request.NettyRequestSender -- Using pooled Channel '[id: 0xd7e5df04, L:/127.0.0.1:58789 - R:localhost/127.0.0.1:4723]' for 'POST' to 'http://localhost:4723/session/f9731274-69b7-4174-91ce-9f4185bbb0aa/element'
19:34:09.956 [Forwarding findElement on session f9731274-69b7-4174-91ce-9f4185bbb0aa to remote] DEBUG org.asynchttpclient.netty.request.NettyRequestSender -- Using open Channel [id: 0xd7e5df04, L:/127.0.0.1:58789 - R:localhost/127.0.0.1:4723] for POST '/session/f9731274-69b7-4174-91ce-9f4185bbb0aa/element'
19:34:10.006 [AsyncHttpClient-1-2] DEBUG org.asynchttpclient.netty.handler.HttpHandler -- 

Request DefaultHttpRequest(decodeResult: success, version: HTTP/1.1)
POST /session/f9731274-69b7-4174-91ce-9f4185bbb0aa/element HTTP/1.1
User-Agent: appium/8.6.0 (selenium/4.13.0 (java mac))
Content-Length: 98
Content-Type: application/json; charset=utf-8
host: localhost:4723
accept: */*

Response DefaultHttpResponse(decodeResult: success, version: HTTP/1.1)
HTTP/1.1 200 OK
X-Powered-By: Express
Vary: X-HTTP-Method-Override
Content-Type: application/json; charset=utf-8
Content-Length: 137
ETag: W/"89-/jaUr/ZxdBrJmupdifMEd0OMl8E"
Date: Mon, 20 Oct 2025 16:34:10 GMT
Connection: keep-alive
Keep-Alive: timeout=600

19:34:10.006 [AsyncHttpClient-1-2] DEBUG org.asynchttpclient.netty.channel.ChannelManager -- Adding key: http://localhost:4723 for channel [id: 0xd7e5df04, L:/127.0.0.1:58789 - R:localhost/127.0.0.1:4723]
19:34:10.008 [Forwarding isElementDisplayed on session f9731274-69b7-4174-91ce-9f4185bbb0aa to remote] DEBUG org.asynchttpclient.netty.request.NettyRequestSender -- Using pooled Channel '[id: 0xd7e5df04, L:/127.0.0.1:58789 - R:localhost/127.0.0.1:4723]' for 'GET' to 'http://localhost:4723/session/f9731274-69b7-4174-91ce-9f4185bbb0aa/element/00000000-0000-0143-ffff-ffff00000020/displayed'
19:34:10.009 [Forwarding isElementDisplayed on session f9731274-69b7-4174-91ce-9f4185bbb0aa to remote] DEBUG org.asynchttpclient.netty.request.NettyRequestSender -- Using open Channel [id: 0xd7e5df04, L:/127.0.0.1:58789 - R:localhost/127.0.0.1:4723] for GET '/session/f9731274-69b7-4174-91ce-9f4185bbb0aa/element/00000000-0000-0143-ffff-ffff00000020/displayed'
19:34:10.021 [AsyncHttpClient-1-2] DEBUG org.asynchttpclient.netty.handler.HttpHandler -- 

Request DefaultFullHttpRequest(decodeResult: success, version: HTTP/1.1, content: EmptyByteBufBE)
GET /session/f9731274-69b7-4174-91ce-9f4185bbb0aa/element/00000000-0000-0143-ffff-ffff00000020/displayed HTTP/1.1
Cache-Control: no-cache
User-Agent: appium/8.6.0 (selenium/4.13.0 (java mac))
Content-Type: application/json; charset=utf-8
host: localhost:4723
accept: */*

Response DefaultHttpResponse(decodeResult: success, version: HTTP/1.1)
HTTP/1.1 200 OK
X-Powered-By: Express
Content-Type: application/json; charset=utf-8
Content-Length: 14
ETag: W/"e-2ZHvAWebNQpyjGZTg6uyV8/spTo"
Date: Mon, 20 Oct 2025 16:34:10 GMT
Connection: keep-alive
Keep-Alive: timeout=600

19:34:10.021 [AsyncHttpClient-1-2] DEBUG org.asynchttpclient.netty.channel.ChannelManager -- Adding key: http://localhost:4723 for channel [id: 0xd7e5df04, L:/127.0.0.1:58789 - R:localhost/127.0.0.1:4723]
19:34:10.022 [Forwarding isElementDisplayed on session f9731274-69b7-4174-91ce-9f4185bbb0aa to remote] DEBUG org.asynchttpclient.netty.request.NettyRequestSender -- Using pooled Channel '[id: 0xd7e5df04, L:/127.0.0.1:58789 - R:localhost/127.0.0.1:4723]' for 'GET' to 'http://localhost:4723/session/f9731274-69b7-4174-91ce-9f4185bbb0aa/element/00000000-0000-0143-ffff-ffff00000020/displayed'
19:34:10.022 [Forwarding isElementDisplayed on session f9731274-69b7-4174-91ce-9f4185bbb0aa to remote] DEBUG org.asynchttpclient.netty.request.NettyRequestSender -- Using open Channel [id: 0xd7e5df04, L:/127.0.0.1:58789 - R:localhost/127.0.0.1:4723] for GET '/session/f9731274-69b7-4174-91ce-9f4185bbb0aa/element/00000000-0000-0143-ffff-ffff00000020/displayed'
19:34:10.033 [AsyncHttpClient-1-2] DEBUG org.asynchttpclient.netty.handler.HttpHandler -- 

Request DefaultFullHttpRequest(decodeResult: success, version: HTTP/1.1, content: EmptyByteBufBE)
GET /session/f9731274-69b7-4174-91ce-9f4185bbb0aa/element/00000000-0000-0143-ffff-ffff00000020/displayed HTTP/1.1
Cache-Control: no-cache
User-Agent: appium/8.6.0 (selenium/4.13.0 (java mac))
Content-Type: application/json; charset=utf-8
host: localhost:4723
accept: */*

Response DefaultHttpResponse(decodeResult: success, version: HTTP/1.1)
HTTP/1.1 200 OK
X-Powered-By: Express
Content-Type: application/json; charset=utf-8
Content-Length: 14
ETag: W/"e-2ZHvAWebNQpyjGZTg6uyV8/spTo"
Date: Mon, 20 Oct 2025 16:34:10 GMT
Connection: keep-alive
Keep-Alive: timeout=600

19:34:10.033 [AsyncHttpClient-1-2] DEBUG org.asynchttpclient.netty.channel.ChannelManager -- Adding key: http://localhost:4723 for channel [id: 0xd7e5df04, L:/127.0.0.1:58789 - R:localhost/127.0.0.1:4723]
19:34:10.034 [Forwarding isElementEnabled on session f9731274-69b7-4174-91ce-9f4185bbb0aa to remote] DEBUG org.asynchttpclient.netty.request.NettyRequestSender -- Using pooled Channel '[id: 0xd7e5df04, L:/127.0.0.1:58789 - R:localhost/127.0.0.1:4723]' for 'GET' to 'http://localhost:4723/session/f9731274-69b7-4174-91ce-9f4185bbb0aa/element/00000000-0000-0143-ffff-ffff00000020/enabled'
19:34:10.035 [Forwarding isElementEnabled on session f9731274-69b7-4174-91ce-9f4185bbb0aa to remote] DEBUG org.asynchttpclient.netty.request.NettyRequestSender -- Using open Channel [id: 0xd7e5df04, L:/127.0.0.1:58789 - R:localhost/127.0.0.1:4723] for GET '/session/f9731274-69b7-4174-91ce-9f4185bbb0aa/element/00000000-0000-0143-ffff-ffff00000020/enabled'
19:34:10.046 [AsyncHttpClient-1-2] DEBUG org.asynchttpclient.netty.handler.HttpHandler -- 

Request DefaultFullHttpRequest(decodeResult: success, version: HTTP/1.1, content: EmptyByteBufBE)
GET /session/f9731274-69b7-4174-91ce-9f4185bbb0aa/element/00000000-0000-0143-ffff-ffff00000020/enabled HTTP/1.1
Cache-Control: no-cache
User-Agent: appium/8.6.0 (selenium/4.13.0 (java mac))
Content-Type: application/json; charset=utf-8
host: localhost:4723
accept: */*

Response DefaultHttpResponse(decodeResult: success, version: HTTP/1.1)
HTTP/1.1 200 OK
X-Powered-By: Express
Content-Type: application/json; charset=utf-8
Content-Length: 14
ETag: W/"e-2ZHvAWebNQpyjGZTg6uyV8/spTo"
Date: Mon, 20 Oct 2025 16:34:10 GMT
Connection: keep-alive
Keep-Alive: timeout=600

19:34:10.047 [AsyncHttpClient-1-2] DEBUG org.asynchttpclient.netty.channel.ChannelManager -- Adding key: http://localhost:4723 for channel [id: 0xd7e5df04, L:/127.0.0.1:58789 - R:localhost/127.0.0.1:4723]
19:34:10.049 [Forwarding clickElement on session f9731274-69b7-4174-91ce-9f4185bbb0aa to remote] DEBUG org.asynchttpclient.netty.request.NettyRequestSender -- Using pooled Channel '[id: 0xd7e5df04, L:/127.0.0.1:58789 - R:localhost/127.0.0.1:4723]' for 'POST' to 'http://localhost:4723/session/f9731274-69b7-4174-91ce-9f4185bbb0aa/element/00000000-0000-0143-ffff-ffff00000020/click'
19:34:10.049 [Forwarding clickElement on session f9731274-69b7-4174-91ce-9f4185bbb0aa to remote] DEBUG org.asynchttpclient.netty.request.NettyRequestSender -- Using open Channel [id: 0xd7e5df04, L:/127.0.0.1:58789 - R:localhost/127.0.0.1:4723] for POST '/session/f9731274-69b7-4174-91ce-9f4185bbb0aa/element/00000000-0000-0143-ffff-ffff00000020/click'
19:34:10.818 [AsyncHttpClient-1-2] DEBUG org.asynchttpclient.netty.handler.HttpHandler -- 

Request DefaultHttpRequest(decodeResult: success, version: HTTP/1.1)
POST /session/f9731274-69b7-4174-91ce-9f4185bbb0aa/element/00000000-0000-0143-ffff-ffff00000020/click HTTP/1.1
User-Agent: appium/8.6.0 (selenium/4.13.0 (java mac))
Content-Length: 50
Content-Type: application/json; charset=utf-8
host: localhost:4723
accept: */*

Response DefaultHttpResponse(decodeResult: success, version: HTTP/1.1)
HTTP/1.1 200 OK
X-Powered-By: Express
Vary: X-HTTP-Method-Override
Content-Type: application/json; charset=utf-8
Content-Length: 14
ETag: W/"e-9/1BuKMgFObM1mWJm+YjxtXJnUM"
Date: Mon, 20 Oct 2025 16:34:10 GMT
Connection: keep-alive
Keep-Alive: timeout=600

19:34:10.819 [AsyncHttpClient-1-2] DEBUG org.asynchttpclient.netty.channel.ChannelManager -- Adding key: http://localhost:4723 for channel [id: 0xd7e5df04, L:/127.0.0.1:58789 - R:localhost/127.0.0.1:4723]
19:34:10.821 [TestNG-PoolService-1] INFO pages.CommonPage -- Successfully navigated to menu item: Activity
19:34:10.821 [TestNG-PoolService-1] INFO pages.CommonPage -- Navigating to menu item: Custom Title
19:34:10.823 [Forwarding findElement on session f9731274-69b7-4174-91ce-9f4185bbb0aa to remote] DEBUG org.asynchttpclient.netty.request.NettyRequestSender -- Using pooled Channel '[id: 0xd7e5df04, L:/127.0.0.1:58789 - R:localhost/127.0.0.1:4723]' for 'POST' to 'http://localhost:4723/session/f9731274-69b7-4174-91ce-9f4185bbb0aa/element'
19:34:10.823 [Forwarding findElement on session f9731274-69b7-4174-91ce-9f4185bbb0aa to remote] DEBUG org.asynchttpclient.netty.request.NettyRequestSender -- Using open Channel [id: 0xd7e5df04, L:/127.0.0.1:58789 - R:localhost/127.0.0.1:4723] for POST '/session/f9731274-69b7-4174-91ce-9f4185bbb0aa/element'
19:34:10.887 [AsyncHttpClient-1-2] DEBUG org.asynchttpclient.netty.handler.HttpHandler -- 

Request DefaultHttpRequest(decodeResult: success, version: HTTP/1.1)
POST /session/f9731274-69b7-4174-91ce-9f4185bbb0aa/element HTTP/1.1
User-Agent: appium/8.6.0 (selenium/4.13.0 (java mac))
Content-Length: 102
Content-Type: application/json; charset=utf-8
host: localhost:4723
accept: */*

Response DefaultHttpResponse(decodeResult: success, version: HTTP/1.1)
HTTP/1.1 200 OK
X-Powered-By: Express
Vary: X-HTTP-Method-Override
Content-Type: application/json; charset=utf-8
Content-Length: 137
ETag: W/"89-wChvAOXL+ClkabpzNHOLhlGL+8w"
Date: Mon, 20 Oct 2025 16:34:10 GMT
Connection: keep-alive
Keep-Alive: timeout=600

19:34:10.888 [AsyncHttpClient-1-2] DEBUG org.asynchttpclient.netty.channel.ChannelManager -- Adding key: http://localhost:4723 for channel [id: 0xd7e5df04, L:/127.0.0.1:58789 - R:localhost/127.0.0.1:4723]
19:34:10.890 [Forwarding isElementDisplayed on session f9731274-69b7-4174-91ce-9f4185bbb0aa to remote] DEBUG org.asynchttpclient.netty.request.NettyRequestSender -- Using pooled Channel '[id: 0xd7e5df04, L:/127.0.0.1:58789 - R:localhost/127.0.0.1:4723]' for 'GET' to 'http://localhost:4723/session/f9731274-69b7-4174-91ce-9f4185bbb0aa/element/00000000-0000-0144-ffff-ffff00000039/displayed'
19:34:10.890 [Forwarding isElementDisplayed on session f9731274-69b7-4174-91ce-9f4185bbb0aa to remote] DEBUG org.asynchttpclient.netty.request.NettyRequestSender -- Using open Channel [id: 0xd7e5df04, L:/127.0.0.1:58789 - R:localhost/127.0.0.1:4723] for GET '/session/f9731274-69b7-4174-91ce-9f4185bbb0aa/element/00000000-0000-0144-ffff-ffff00000039/displayed'
19:34:10.900 [AsyncHttpClient-1-2] DEBUG org.asynchttpclient.netty.handler.HttpHandler -- 

Request DefaultFullHttpRequest(decodeResult: success, version: HTTP/1.1, content: EmptyByteBufBE)
GET /session/f9731274-69b7-4174-91ce-9f4185bbb0aa/element/00000000-0000-0144-ffff-ffff00000039/displayed HTTP/1.1
Cache-Control: no-cache
User-Agent: appium/8.6.0 (selenium/4.13.0 (java mac))
Content-Type: application/json; charset=utf-8
host: localhost:4723
accept: */*

Response DefaultHttpResponse(decodeResult: success, version: HTTP/1.1)
HTTP/1.1 200 OK
X-Powered-By: Express
Content-Type: application/json; charset=utf-8
Content-Length: 14
ETag: W/"e-2ZHvAWebNQpyjGZTg6uyV8/spTo"
Date: Mon, 20 Oct 2025 16:34:10 GMT
Connection: keep-alive
Keep-Alive: timeout=600

19:34:10.900 [AsyncHttpClient-1-2] DEBUG org.asynchttpclient.netty.channel.ChannelManager -- Adding key: http://localhost:4723 for channel [id: 0xd7e5df04, L:/127.0.0.1:58789 - R:localhost/127.0.0.1:4723]
19:34:10.902 [Forwarding isElementDisplayed on session f9731274-69b7-4174-91ce-9f4185bbb0aa to remote] DEBUG org.asynchttpclient.netty.request.NettyRequestSender -- Using pooled Channel '[id: 0xd7e5df04, L:/127.0.0.1:58789 - R:localhost/127.0.0.1:4723]' for 'GET' to 'http://localhost:4723/session/f9731274-69b7-4174-91ce-9f4185bbb0aa/element/00000000-0000-0144-ffff-ffff00000039/displayed'
19:34:10.902 [Forwarding isElementDisplayed on session f9731274-69b7-4174-91ce-9f4185bbb0aa to remote] DEBUG org.asynchttpclient.netty.request.NettyRequestSender -- Using open Channel [id: 0xd7e5df04, L:/127.0.0.1:58789 - R:localhost/127.0.0.1:4723] for GET '/session/f9731274-69b7-4174-91ce-9f4185bbb0aa/element/00000000-0000-0144-ffff-ffff00000039/displayed'
19:34:10.913 [AsyncHttpClient-1-2] DEBUG org.asynchttpclient.netty.handler.HttpHandler -- 

Request DefaultFullHttpRequest(decodeResult: success, version: HTTP/1.1, content: EmptyByteBufBE)
GET /session/f9731274-69b7-4174-91ce-9f4185bbb0aa/element/00000000-0000-0144-ffff-ffff00000039/displayed HTTP/1.1
Cache-Control: no-cache
User-Agent: appium/8.6.0 (selenium/4.13.0 (java mac))
Content-Type: application/json; charset=utf-8
host: localhost:4723
accept: */*

Response DefaultHttpResponse(decodeResult: success, version: HTTP/1.1)
HTTP/1.1 200 OK
X-Powered-By: Express
Content-Type: application/json; charset=utf-8
Content-Length: 14
ETag: W/"e-2ZHvAWebNQpyjGZTg6uyV8/spTo"
Date: Mon, 20 Oct 2025 16:34:10 GMT
Connection: keep-alive
Keep-Alive: timeout=600

19:34:10.914 [AsyncHttpClient-1-2] DEBUG org.asynchttpclient.netty.channel.ChannelManager -- Adding key: http://localhost:4723 for channel [id: 0xd7e5df04, L:/127.0.0.1:58789 - R:localhost/127.0.0.1:4723]
19:34:10.915 [Forwarding isElementEnabled on session f9731274-69b7-4174-91ce-9f4185bbb0aa to remote] DEBUG org.asynchttpclient.netty.request.NettyRequestSender -- Using pooled Channel '[id: 0xd7e5df04, L:/127.0.0.1:58789 - R:localhost/127.0.0.1:4723]' for 'GET' to 'http://localhost:4723/session/f9731274-69b7-4174-91ce-9f4185bbb0aa/element/00000000-0000-0144-ffff-ffff00000039/enabled'
19:34:10.915 [Forwarding isElementEnabled on session f9731274-69b7-4174-91ce-9f4185bbb0aa to remote] DEBUG org.asynchttpclient.netty.request.NettyRequestSender -- Using open Channel [id: 0xd7e5df04, L:/127.0.0.1:58789 - R:localhost/127.0.0.1:4723] for GET '/session/f9731274-69b7-4174-91ce-9f4185bbb0aa/element/00000000-0000-0144-ffff-ffff00000039/enabled'
19:34:10.927 [AsyncHttpClient-1-2] DEBUG org.asynchttpclient.netty.handler.HttpHandler -- 

Request DefaultFullHttpRequest(decodeResult: success, version: HTTP/1.1, content: EmptyByteBufBE)
GET /session/f9731274-69b7-4174-91ce-9f4185bbb0aa/element/00000000-0000-0144-ffff-ffff00000039/enabled HTTP/1.1
Cache-Control: no-cache
User-Agent: appium/8.6.0 (selenium/4.13.0 (java mac))
Content-Type: application/json; charset=utf-8
host: localhost:4723
accept: */*

Response DefaultHttpResponse(decodeResult: success, version: HTTP/1.1)
HTTP/1.1 200 OK
X-Powered-By: Express
Content-Type: application/json; charset=utf-8
Content-Length: 14
ETag: W/"e-2ZHvAWebNQpyjGZTg6uyV8/spTo"
Date: Mon, 20 Oct 2025 16:34:10 GMT
Connection: keep-alive
Keep-Alive: timeout=600

19:34:10.928 [AsyncHttpClient-1-2] DEBUG org.asynchttpclient.netty.channel.ChannelManager -- Adding key: http://localhost:4723 for channel [id: 0xd7e5df04, L:/127.0.0.1:58789 - R:localhost/127.0.0.1:4723]
19:34:10.930 [Forwarding clickElement on session f9731274-69b7-4174-91ce-9f4185bbb0aa to remote] DEBUG org.asynchttpclient.netty.request.NettyRequestSender -- Using pooled Channel '[id: 0xd7e5df04, L:/127.0.0.1:58789 - R:localhost/127.0.0.1:4723]' for 'POST' to 'http://localhost:4723/session/f9731274-69b7-4174-91ce-9f4185bbb0aa/element/00000000-0000-0144-ffff-ffff00000039/click'
19:34:10.930 [Forwarding clickElement on session f9731274-69b7-4174-91ce-9f4185bbb0aa to remote] DEBUG org.asynchttpclient.netty.request.NettyRequestSender -- Using open Channel [id: 0xd7e5df04, L:/127.0.0.1:58789 - R:localhost/127.0.0.1:4723] for POST '/session/f9731274-69b7-4174-91ce-9f4185bbb0aa/element/00000000-0000-0144-ffff-ffff00000039/click'
19:34:11.651 [AsyncHttpClient-1-2] DEBUG org.asynchttpclient.netty.handler.HttpHandler -- 

Request DefaultHttpRequest(decodeResult: success, version: HTTP/1.1)
POST /session/f9731274-69b7-4174-91ce-9f4185bbb0aa/element/00000000-0000-0144-ffff-ffff00000039/click HTTP/1.1
User-Agent: appium/8.6.0 (selenium/4.13.0 (java mac))
Content-Length: 50
Content-Type: application/json; charset=utf-8
host: localhost:4723
accept: */*

Response DefaultHttpResponse(decodeResult: success, version: HTTP/1.1)
HTTP/1.1 200 OK
X-Powered-By: Express
Vary: X-HTTP-Method-Override
Content-Type: application/json; charset=utf-8
Content-Length: 14
ETag: W/"e-9/1BuKMgFObM1mWJm+YjxtXJnUM"
Date: Mon, 20 Oct 2025 16:34:11 GMT
Connection: keep-alive
Keep-Alive: timeout=600

19:34:11.651 [AsyncHttpClient-1-2] DEBUG org.asynchttpclient.netty.channel.ChannelManager -- Adding key: http://localhost:4723 for channel [id: 0xd7e5df04, L:/127.0.0.1:58789 - R:localhost/127.0.0.1:4723]
19:34:11.653 [TestNG-PoolService-1] INFO pages.CommonPage -- Successfully navigated to menu item: Custom Title
19:34:11.719 [TestNG-PoolService-1] ERROR stepdefinations.Hooks -- Senaryo BAŞARISIZ: Validate default and updated texts in Custom Title Activity
19:34:11.729 [Forwarding screenshot on session f9731274-69b7-4174-91ce-9f4185bbb0aa to remote] DEBUG org.asynchttpclient.netty.request.NettyRequestSender -- Using pooled Channel '[id: 0xd7e5df04, L:/127.0.0.1:58789 - R:localhost/127.0.0.1:4723]' for 'GET' to 'http://localhost:4723/session/f9731274-69b7-4174-91ce-9f4185bbb0aa/screenshot'
19:34:11.730 [Forwarding screenshot on session f9731274-69b7-4174-91ce-9f4185bbb0aa to remote] DEBUG org.asynchttpclient.netty.request.NettyRequestSender -- Using open Channel [id: 0xd7e5df04, L:/127.0.0.1:58789 - R:localhost/127.0.0.1:4723] for GET '/session/f9731274-69b7-4174-91ce-9f4185bbb0aa/screenshot'
19:34:12.166 [AsyncHttpClient-1-2] DEBUG org.asynchttpclient.netty.handler.HttpHandler -- 

Request DefaultFullHttpRequest(decodeResult: success, version: HTTP/1.1, content: EmptyByteBufBE)
GET /session/f9731274-69b7-4174-91ce-9f4185bbb0aa/screenshot HTTP/1.1
Cache-Control: no-cache
User-Agent: appium/8.6.0 (selenium/4.13.0 (java mac))
Content-Type: application/json; charset=utf-8
host: localhost:4723
accept: */*

Response DefaultHttpResponse(decodeResult: success, version: HTTP/1.1)
HTTP/1.1 200 OK
X-Powered-By: Express
Content-Type: application/json; charset=utf-8
Content-Length: 134500
ETag: W/"20d64-JWGfRy/ow4sdNZ0ijJjBExE0Dr4"
Date: Mon, 20 Oct 2025 16:34:12 GMT
Connection: keep-alive
Keep-Alive: timeout=600

19:34:12.169 [AsyncHttpClient-1-2] DEBUG org.asynchttpclient.netty.channel.ChannelManager -- Adding key: http://localhost:4723 for channel [id: 0xd7e5df04, L:/127.0.0.1:58789 - R:localhost/127.0.0.1:4723]
19:34:12.184 [TestNG-PoolService-1] INFO stepdefinations.Hooks -- Ekran görüntüsü alındı ve rapora eklendi.
19:34:12.186 [Forwarding quit on session f9731274-69b7-4174-91ce-9f4185bbb0aa to remote] DEBUG org.asynchttpclient.netty.request.NettyRequestSender -- Using pooled Channel '[id: 0xd7e5df04, L:/127.0.0.1:58789 - R:localhost/127.0.0.1:4723]' for 'DELETE' to 'http://localhost:4723/session/f9731274-69b7-4174-91ce-9f4185bbb0aa'
19:34:12.186 [Forwarding quit on session f9731274-69b7-4174-91ce-9f4185bbb0aa to remote] DEBUG org.asynchttpclient.netty.request.NettyRequestSender -- Using open Channel [id: 0xd7e5df04, L:/127.0.0.1:58789 - R:localhost/127.0.0.1:4723] for DELETE '/session/f9731274-69b7-4174-91ce-9f4185bbb0aa'
19:34:12.930 [AsyncHttpClient-1-2] DEBUG org.asynchttpclient.netty.handler.HttpHandler -- 

Request DefaultFullHttpRequest(decodeResult: success, version: HTTP/1.1, content: EmptyByteBufBE)
DELETE /session/f9731274-69b7-4174-91ce-9f4185bbb0aa HTTP/1.1
User-Agent: appium/8.6.0 (selenium/4.13.0 (java mac))
Content-Type: application/json; charset=utf-8
host: localhost:4723
accept: */*

Response DefaultHttpResponse(decodeResult: success, version: HTTP/1.1)
HTTP/1.1 200 OK
X-Powered-By: Express
Content-Type: application/json; charset=utf-8
Content-Length: 14
ETag: W/"e-9/1BuKMgFObM1mWJm+YjxtXJnUM"
Date: Mon, 20 Oct 2025 16:34:12 GMT
Connection: keep-alive
Keep-Alive: timeout=600

19:34:12.932 [AsyncHttpClient-1-2] DEBUG org.asynchttpclient.netty.channel.ChannelManager -- Adding key: http://localhost:4723 for channel [id: 0xd7e5df04, L:/127.0.0.1:58789 - R:localhost/127.0.0.1:4723]
19:34:12.940 [TestNG-PoolService-1] INFO driver.DriverManager -- Driver sonlandırıldı. Thread: 32
]]></system-out>
  </testcase>
</testsuite>