<?xml version="1.0" encoding="UTF-8"?>
<testsuite xmlns:xsi="http://www.w3.org/2001/XMLSchema-instance" xsi:noNamespaceSchemaLocation="https://maven.apache.org/surefire/maven-surefire-plugin/xsd/surefire-test-report-3.0.xsd" version="3.0" name="runners.TestRunner" time="189.772" tests="7" errors="0" skipped="0" failures="1">
  <properties>
[...]
</properties>
  <testcase name="runScenario[&quot;Verify adding and removing Action Bar Tabs&quot;, &quot;Manage Action Bar Tabs in the App&quot;](1)" classname="runners.TestRunner" time="21.242">
    <failure message="Redirected to the action bar page." type="java.lang.AssertionError"><![CDATA[java.lang.AssertionError: Redirected to the action bar page.
	at org.testng.Assert.fail(Assert.java:111)
	at pages.BasePage.assertFail(BasePage.java:123)
	at pages.ActionBarTabPage.theUserAddsNewTabs(ActionBarTabPage.java:48)
	at stepdefinations.ActionBarTabStep.theUserAddsNewTabs(ActionBarTabStep.java:18)
	at ✽.the user adds 3 new tabs(file:///Users/katali/Desktop/TeknasyonAppiumQAFramework/src/test/resources/Feature/ActionBarTabs.feature:11)
]]></failure>
    <system-out><![CDATA[2025-10-23 14:17:58 INFO  config.AppSettings - Konfigürasyon yüklendi. Platform: android
2025-10-23 14:17:58 INFO  stepdefinations.Hooks - Senaryo başlıyor: Verify adding and removing Action Bar Tabs [Thread: 32]
2025-10-23 14:17:58 INFO  driver.DriverManager - Initializing driver for platform: android on thread: 32
2025-10-23 14:17:58 INFO  driver.BaseDriverFactory - Creating Android driver for thread: 32
2025-10-23 14:18:04 INFO  driver.BaseDriverFactory - Android driver successfully created for thread: 32
2025-10-23 14:18:04 INFO  driver.DriverManager - Driver successfully initialized for thread: 32
2025-10-23 14:18:04 INFO  pages.CommonPage - Navigating to menu item: App
2025-10-23 14:18:05 INFO  pages.CommonPage - Successfully navigated to menu item: App
2025-10-23 14:18:05 INFO  pages.CommonPage - Navigating to menu item: Action Bar
2025-10-23 14:18:06 INFO  pages.CommonPage - Successfully navigated to menu item: Action Bar
2025-10-23 14:18:06 INFO  pages.CommonPage - Navigating to menu item: Action Bar Tabs
2025-10-23 14:18:07 INFO  pages.CommonPage - Successfully navigated to menu item: Action Bar Tabs
2025-10-23 14:18:12 INFO  pages.ActionBarTabPage - The Toggle tab mode option should be inactive.
2025-10-23 14:18:13 INFO  pages.ActionBarTabPage - The user adds 3 new tabs.
2025-10-23 14:18:13 ERROR stepdefinations.Hooks - Senaryo BAŞARISIZ: Verify adding and removing Action Bar Tabs
2025-10-23 14:18:13 INFO  stepdefinations.Hooks - Ekran görüntüsü alındı ve rapora eklendi.
2025-10-23 14:18:19 INFO  driver.DriverManager - Driver quit successfully for thread: 32
]]></system-out>
  </testcase>
  <testcase name="runScenario[&quot;Verify that Options A and B appear after long pressing the Long press me button&quot;, &quot;Long Press Context Menu Test&quot;](2)" classname="runners.TestRunner" time="17.588">
    <system-out><![CDATA[2025-10-23 14:18:19 INFO  stepdefinations.Hooks - Senaryo başlıyor: Verify that Options A and B appear after long pressing the Long press me button [Thread: 32]
2025-10-23 14:18:19 INFO  driver.DriverManager - Initializing driver for platform: android on thread: 32
2025-10-23 14:18:19 INFO  driver.BaseDriverFactory - Creating Android driver for thread: 32
2025-10-23 14:18:22 INFO  driver.BaseDriverFactory - Android driver successfully created for thread: 32
2025-10-23 14:18:22 INFO  driver.DriverManager - Driver successfully initialized for thread: 32
2025-10-23 14:18:22 INFO  pages.CommonPage - Navigating to menu item: App
2025-10-23 14:18:24 INFO  pages.CommonPage - Successfully navigated to menu item: App
2025-10-23 14:18:24 INFO  pages.CommonPage - Navigating to menu item: Fragment
2025-10-23 14:18:25 INFO  pages.CommonPage - Successfully navigated to menu item: Fragment
2025-10-23 14:18:25 INFO  pages.CommonPage - Navigating to menu item: Context Menu
2025-10-23 14:18:26 INFO  pages.CommonPage - Successfully navigated to menu item: Context Menu
2025-10-23 14:18:31 INFO  pages.ContextMenuPage - The user long presses the Long press me button.
2025-10-23 14:18:31 INFO  pages.ContextMenuPage - The Menu A and Menu B options are displayed.
2025-10-23 14:18:31 INFO  stepdefinations.Hooks - Senaryo BAŞARILI: Verify that Options A and B appear after long pressing the Long press me button
2025-10-23 14:18:36 INFO  driver.DriverManager - Driver quit successfully for thread: 32
]]></system-out>
  </testcase>
  <testcase name="runScenario[&quot;Validate default and updated texts in Custom Title Activity&quot;, &quot;Custom Title Update&quot;](3)" classname="runners.TestRunner" time="17.588">
    <system-out><![CDATA[2025-10-23 14:18:36 INFO  stepdefinations.Hooks - Senaryo başlıyor: Validate default and updated texts in Custom Title Activity [Thread: 32]
2025-10-23 14:18:36 INFO  driver.DriverManager - Initializing driver for platform: android on thread: 32
2025-10-23 14:18:36 INFO  driver.BaseDriverFactory - Creating Android driver for thread: 32
2025-10-23 14:18:40 INFO  driver.BaseDriverFactory - Android driver successfully created for thread: 32
2025-10-23 14:18:40 INFO  driver.DriverManager - Driver successfully initialized for thread: 32
2025-10-23 14:18:40 INFO  stepdefinations.Hooks - Senaryo @ResetAppBeforeTest tag'ine sahip. Uygulama yeniden yükleniyor...
2025-10-23 14:18:41 INFO  stepdefinations.Hooks - Android uygulama yeniden yüklendi. [Thread: 32]
2025-10-23 14:18:41 INFO  pages.CommonPage - Navigating to menu item: App
2025-10-23 14:18:43 INFO  pages.CommonPage - Successfully navigated to menu item: App
2025-10-23 14:18:43 INFO  pages.CommonPage - Navigating to menu item: Activity
2025-10-23 14:18:44 INFO  pages.CommonPage - Successfully navigated to menu item: Activity
2025-10-23 14:18:44 INFO  pages.CommonPage - Navigating to menu item: Custom Title
2025-10-23 14:18:45 INFO  pages.CommonPage - Successfully navigated to menu item: Custom Title
2025-10-23 14:18:45 INFO  pages.CustomTitleUpdatePage - The default text box and navigation bar texts are displayed.
2025-10-23 14:18:46 INFO  pages.CustomTitleUpdatePage - The user updates the left text box to Left Updated Text.
2025-10-23 14:18:48 INFO  pages.CustomTitleUpdatePage - The user updates the right text box to Right Updated Text.
2025-10-23 14:18:48 INFO  pages.CustomTitleUpdatePage - The updated texts are shown in all text fields and navigation bar.
2025-10-23 14:18:48 INFO  stepdefinations.Hooks - Senaryo BAŞARILI: Validate default and updated texts in Custom Title Activity
2025-10-23 14:18:54 INFO  driver.DriverManager - Driver quit successfully for thread: 32
]]></system-out>
  </testcase>
  <testcase name="runScenario[&quot;Hide and Show buttons functionality&quot;, &quot;Hide and Show Menu&quot;](4)" classname="runners.TestRunner" time="25.723">
    <system-out><![CDATA[2025-10-23 14:18:54 INFO  stepdefinations.Hooks - Senaryo başlıyor: Hide and Show buttons functionality [Thread: 32]
2025-10-23 14:18:54 INFO  driver.DriverManager - Initializing driver for platform: android on thread: 32
2025-10-23 14:18:54 INFO  driver.BaseDriverFactory - Creating Android driver for thread: 32
2025-10-23 14:18:59 INFO  driver.BaseDriverFactory - Android driver successfully created for thread: 32
2025-10-23 14:18:59 INFO  driver.DriverManager - Driver successfully initialized for thread: 32
2025-10-23 14:18:59 INFO  pages.CommonPage - Navigating to menu item: App
2025-10-23 14:19:00 INFO  pages.CommonPage - Successfully navigated to menu item: App
2025-10-23 14:19:00 INFO  pages.CommonPage - Navigating to menu item: Fragment
2025-10-23 14:19:01 INFO  pages.CommonPage - Successfully navigated to menu item: Fragment
2025-10-23 14:19:01 INFO  pages.CommonPage - Navigating to menu item: Hide and Show
2025-10-23 14:19:02 INFO  pages.CommonPage - Successfully navigated to menu item: Hide and Show
2025-10-23 14:19:02 INFO  pages.HideAndShowPage - There should be two buttons and two text boxes visible.
2025-10-23 14:19:02 INFO  pages.HideAndShowPage - The second Hide button is clicked.
2025-10-23 14:19:13 INFO  pages.HideAndShowPage - The corresponding text box should be hidden and the button text should change to Show.
2025-10-23 14:19:14 INFO  pages.HideAndShowPage - The user clicks the show button.
2025-10-23 14:19:14 INFO  pages.HideAndShowPage - The second text box should be visible.
2025-10-23 14:19:14 INFO  stepdefinations.Hooks - Senaryo BAŞARILI: Hide and Show buttons functionality
2025-10-23 14:19:20 INFO  driver.DriverManager - Driver quit successfully for thread: 32
]]></system-out>
  </testcase>
  <testcase name="runScenario[&quot;Verify the order and name of the selected element in the list dialog&quot;, &quot;List Dialog Selection&quot;](5)" classname="runners.TestRunner" time="13.538">
    <system-out><![CDATA[2025-10-23 14:19:20 INFO  stepdefinations.Hooks - Senaryo başlıyor: Verify the order and name of the selected element in the list dialog [Thread: 32]
2025-10-23 14:19:20 INFO  driver.DriverManager - Initializing driver for platform: android on thread: 32
2025-10-23 14:19:20 INFO  driver.BaseDriverFactory - Creating Android driver for thread: 32
2025-10-23 14:19:24 INFO  driver.BaseDriverFactory - Android driver successfully created for thread: 32
2025-10-23 14:19:24 INFO  driver.DriverManager - Driver successfully initialized for thread: 32
2025-10-23 14:19:24 INFO  pages.CommonPage - Navigating to menu item: App
2025-10-23 14:19:25 INFO  pages.CommonPage - Successfully navigated to menu item: App
2025-10-23 14:19:25 INFO  pages.CommonPage - Navigating to menu item: Alert Dialogs
2025-10-23 14:19:26 INFO  pages.CommonPage - Successfully navigated to menu item: Alert Dialogs
2025-10-23 14:19:26 INFO  pages.DialogSelectionPage - The user selects the List dialog option.
2025-10-23 14:19:28 INFO  pages.DialogSelectionPage - The user selects a random element from the List Dialog list.
2025-10-23 14:19:28 INFO  pages.DialogSelectionPage - The alert displays the correct element name and position.
2025-10-23 14:19:28 INFO  stepdefinations.Hooks - Senaryo BAŞARILI: Verify the order and name of the selected element in the list dialog
2025-10-23 14:19:33 INFO  driver.DriverManager - Driver quit successfully for thread: 32
]]></system-out>
  </testcase>
  <testcase name="runScenario[&quot;Verify that incoming notifications are shown and details match&quot;, &quot;Incoming Message Notification&quot;](6)" classname="runners.TestRunner" time="16.851">
    <system-out><![CDATA[2025-10-23 14:19:33 INFO  stepdefinations.Hooks - Senaryo başlıyor: Verify that incoming notifications are shown and details match [Thread: 32]
2025-10-23 14:19:33 INFO  driver.DriverManager - Initializing driver for platform: android on thread: 32
2025-10-23 14:19:33 INFO  driver.BaseDriverFactory - Creating Android driver for thread: 32
2025-10-23 14:19:37 INFO  driver.BaseDriverFactory - Android driver successfully created for thread: 32
2025-10-23 14:19:37 INFO  driver.DriverManager - Driver successfully initialized for thread: 32
2025-10-23 14:19:37 INFO  pages.CommonPage - Navigating to menu item: App
2025-10-23 14:19:38 INFO  pages.CommonPage - Successfully navigated to menu item: App
2025-10-23 14:19:38 INFO  pages.CommonPage - Navigating to menu item: Notification
2025-10-23 14:19:39 INFO  pages.CommonPage - Successfully navigated to menu item: Notification
2025-10-23 14:19:39 INFO  pages.CommonPage - Navigating to menu item: IncomingMessage
2025-10-23 14:19:40 INFO  pages.CommonPage - Successfully navigated to menu item: IncomingMessage
2025-10-23 14:19:40 INFO  pages.NotificationControlPage - The user clicks the Show Notification button.
2025-10-23 14:19:40 INFO  pages.NotificationControlPage - The notification bar should be displayed.
2025-10-23 14:19:40 INFO  pages.BasePage - Notification bar opened on Android device.
2025-10-23 14:19:43 INFO  pages.NotificationControlPage - The notification is clicked.
2025-10-23 14:19:43 INFO  pages.NotificationControlPage - The notification detail page should open.
2025-10-23 14:19:45 INFO  pages.NotificationControlPage - The notification detail page should open.
2025-10-23 14:19:45 INFO  pages.NotificationControlPage - The text in the notification bar should match the text in the detail page.
2025-10-23 14:19:45 INFO  stepdefinations.Hooks - Senaryo BAŞARILI: Verify that incoming notifications are shown and details match
2025-10-23 14:19:50 INFO  driver.DriverManager - Driver quit successfully for thread: 32
]]></system-out>
  </testcase>
  <testcase name="runScenario[&quot;Navigating to the last tab in Scrollable Tabs and verifying Tab 30&quot;, &quot;Scrollable Tabs Navigation&quot;](7)" classname="runners.TestRunner" time="76.261">
    <system-out><![CDATA[2025-10-23 14:19:50 INFO  stepdefinations.Hooks - Senaryo başlıyor: Navigating to the last tab in Scrollable Tabs and verifying Tab 30 [Thread: 32]
2025-10-23 14:19:50 INFO  driver.DriverManager - Initializing driver for platform: android on thread: 32
2025-10-23 14:19:50 INFO  driver.BaseDriverFactory - Creating Android driver for thread: 32
2025-10-23 14:19:55 INFO  driver.BaseDriverFactory - Android driver successfully created for thread: 32
2025-10-23 14:19:55 INFO  driver.DriverManager - Driver successfully initialized for thread: 32
2025-10-23 14:19:55 INFO  stepdefinations.Hooks - Senaryo @ResetAppBeforeTest tag'ine sahip. Uygulama yeniden yükleniyor...
2025-10-23 14:19:56 INFO  stepdefinations.Hooks - Android uygulama yeniden yüklendi. [Thread: 32]
2025-10-23 14:19:56 INFO  pages.CommonPage - Navigating to menu item: Views
2025-10-23 14:19:58 INFO  pages.CommonPage - Successfully navigated to menu item: Views
2025-10-23 14:20:08 INFO  pages.BasePage - Condition not met: Expected condition failed: waiting for visibility of element located by By.xpath: //android.widget.TextView[@content-desc='Tabs'] (tried for 10 second(s) with 500 milliseconds interval)
Build info: version: '4.13.0', revision: 'ba948ece5b*'
System info: os.name: 'Mac OS X', os.arch: 'aarch64', os.version: '15.5', java.version: '21.0.2'
Driver info: io.appium.java_client.android.AndroidDriver
Capabilities {appium:app: /Users/katali/Desktop/Tekna..., appium:appActivity: io.appium.android.apis.ApiD..., appium:appPackage: io.appium.android.apis, appium:autoGrantPermissions: true, appium:automationName: UiAutomator2, appium:databaseEnabled: false, appium:desired: {app: /Users/katali/Desktop/Tekna..., appPackage: io.appium.android.apis, autoGrantPermissions: true, automationName: UiAutomator2, deviceName: emulator-5554, noReset: false, platformName: ANDROID, platformVersion: 12.0}, appium:deviceApiLevel: 31, appium:deviceManufacturer: Google, appium:deviceModel: sdk_gphone64_arm64, appium:deviceName: emulator-5554, appium:deviceScreenDensity: 440, appium:deviceScreenSize: 1080x2280, appium:deviceUDID: emulator-5554, appium:javascriptEnabled: true, appium:locationContextEnabled: false, appium:networkConnectionEnabled: true, appium:noReset: false, appium:pixelRatio: 2.75, appium:platformVersion: 12, appium:statBarHeight: 66, appium:takesScreenshot: true, appium:viewportRect: {height: 2214, left: 0, top: 66, width: 1080}, appium:warnings: {}, appium:webStorageEnabled: false, platformName: ANDROID}
Session ID: 44e0d35c-a498-4d08-910d-87ae9004b9dd
2025-10-23 14:20:16 INFO  pages.TabMenuPage - The user scrolls to the Tabs menu.
2025-10-23 14:20:17 INFO  pages.TabMenuPage - The user navigates to the 5. Scrollable menu.
2025-10-23 14:21:00 INFO  pages.TabMenuPage - The user clicks the TAB 30 tab.
2025-10-23 14:21:01 INFO  pages.TabMenuPage - The opened tab information should belong to Tab 30.
2025-10-23 14:21:01 INFO  stepdefinations.Hooks - Senaryo BAŞARILI: Navigating to the last tab in Scrollable Tabs and verifying Tab 30
2025-10-23 14:21:06 INFO  driver.DriverManager - Driver quit successfully for thread: 32
]]></system-out>
  </testcase>
</testsuite>