<?xml version="1.0" encoding="UTF-8"?>
<testsuite xmlns:xsi="http://www.w3.org/2001/XMLSchema-instance" xsi:noNamespaceSchemaLocation="https://maven.apache.org/surefire/maven-surefire-plugin/xsd/surefire-test-report-3.0.xsd" version="3.0" name="runners.TestRunner" time="189.516" tests="7" errors="0" skipped="0" failures="5">
  <properties>
[...]
</properties>
  <testcase name="runScenario[&quot;Verify adding and removing Action Bar Tabs&quot;, &quot;Manage Action Bar Tabs in the App&quot;](1)" classname="runners.TestRunner" time="22.065">
    <failure message="Redirected to the action bar page." type="java.lang.AssertionError"><![CDATA[java.lang.AssertionError: Redirected to the action bar page.
	at org.testng.Assert.fail(Assert.java:111)
	at pages.BasePage.assertFail(BasePage.java:123)
	at pages.ActionBarTabPage.theUserAddsNewTabs(ActionBarTabPage.java:48)
	at stepdefinations.ActionBarTabStep.theUserAddsNewTabs(ActionBarTabStep.java:18)
	at ✽.the user adds 3 new tabs(file:///Users/katali/Desktop/TeknasyonAppiumQAFramework/src/test/resources/Feature/ActionBarTabs.feature:11)
]]></failure>
    <system-out><![CDATA[2025-10-23 14:14:12 INFO  config.AppSettings - Konfigürasyon yüklendi. Platform: android
2025-10-23 14:14:12 INFO  stepdefinations.Hooks - Senaryo başlıyor: Verify adding and removing Action Bar Tabs [Thread: 32]
2025-10-23 14:14:13 INFO  driver.DriverManager - Initializing driver for platform: android on thread: 32
2025-10-23 14:14:13 INFO  driver.BaseDriverFactory - Creating Android driver for thread: 32
2025-10-23 14:14:16 INFO  driver.BaseDriverFactory - Android driver successfully created for thread: 32
2025-10-23 14:14:16 INFO  driver.DriverManager - Driver successfully initialized for thread: 32
2025-10-23 14:14:16 INFO  stepdefinations.Hooks - Senaryo @ResetAppBeforeTest tag'ine sahip. Uygulama yeniden yükleniyor...
2025-10-23 14:14:17 INFO  stepdefinations.Hooks - Android uygulama yeniden yüklendi. [Thread: 32]
2025-10-23 14:14:17 INFO  pages.CommonPage - Navigating to menu item: App
2025-10-23 14:14:20 INFO  pages.CommonPage - Successfully navigated to menu item: App
2025-10-23 14:14:20 INFO  pages.CommonPage - Navigating to menu item: Action Bar
2025-10-23 14:14:20 INFO  pages.CommonPage - Successfully navigated to menu item: Action Bar
2025-10-23 14:14:20 INFO  pages.CommonPage - Navigating to menu item: Action Bar Tabs
2025-10-23 14:14:21 INFO  pages.CommonPage - Successfully navigated to menu item: Action Bar Tabs
2025-10-23 14:14:27 INFO  pages.ActionBarTabPage - The Toggle tab mode option should be inactive.
2025-10-23 14:14:29 INFO  pages.ActionBarTabPage - The user adds 3 new tabs.
2025-10-23 14:14:29 ERROR stepdefinations.Hooks - Senaryo BAŞARISIZ: Verify adding and removing Action Bar Tabs
2025-10-23 14:14:29 INFO  stepdefinations.Hooks - Ekran görüntüsü alındı ve rapora eklendi.
2025-10-23 14:14:34 INFO  driver.DriverManager - Driver quit successfully for thread: 32
]]></system-out>
  </testcase>
  <testcase name="runScenario[&quot;Verify that Options A and B appear after long pressing the Long press me button&quot;, &quot;Long Press Context Menu Test&quot;](2)" classname="runners.TestRunner" time="18.32">
    <failure message="The menu item is not displayed. App  expected [true] but found [false]" type="java.lang.AssertionError"><![CDATA[java.lang.AssertionError: The menu item is not displayed. App  expected [true] but found [false]
	at org.testng.Assert.fail(Assert.java:111)
	at org.testng.Assert.failNotEquals(Assert.java:1578)
	at org.testng.Assert.assertTrue(Assert.java:57)
	at pages.BasePage.assertTrue(BasePage.java:133)
	at pages.BasePage.assertVisible(BasePage.java:155)
	at pages.CommonPage.navigateToMenu(CommonPage.java:37)
	at stepdefinations.CommonSteps.theUserNavigatesToMenu(CommonSteps.java:13)
	at ✽.the user navigates to the following menu(file:///Users/katali/Desktop/TeknasyonAppiumQAFramework/src/test/resources/Feature/ContextMenu.feature:5)
]]></failure>
    <system-out><![CDATA[2025-10-23 14:14:34 INFO  stepdefinations.Hooks - Senaryo başlıyor: Verify that Options A and B appear after long pressing the Long press me button [Thread: 32]
2025-10-23 14:14:34 INFO  driver.DriverManager - Initializing driver for platform: android on thread: 32
2025-10-23 14:14:34 INFO  driver.BaseDriverFactory - Creating Android driver for thread: 32
2025-10-23 14:14:37 INFO  driver.BaseDriverFactory - Android driver successfully created for thread: 32
2025-10-23 14:14:37 INFO  driver.DriverManager - Driver successfully initialized for thread: 32
2025-10-23 14:14:37 INFO  pages.CommonPage - Navigating to menu item: App
2025-10-23 14:14:47 ERROR stepdefinations.Hooks - Senaryo BAŞARISIZ: Verify that Options A and B appear after long pressing the Long press me button
2025-10-23 14:14:48 INFO  stepdefinations.Hooks - Ekran görüntüsü alındı ve rapora eklendi.
2025-10-23 14:14:53 INFO  driver.DriverManager - Driver quit successfully for thread: 32
]]></system-out>
  </testcase>
  <testcase name="runScenario[&quot;Validate default and updated texts in Custom Title Activity&quot;, &quot;Custom Title Update&quot;](3)" classname="runners.TestRunner" time="17.809">
    <system-out><![CDATA[2025-10-23 14:14:53 INFO  stepdefinations.Hooks - Senaryo başlıyor: Validate default and updated texts in Custom Title Activity [Thread: 32]
2025-10-23 14:14:53 INFO  driver.DriverManager - Initializing driver for platform: android on thread: 32
2025-10-23 14:14:53 INFO  driver.BaseDriverFactory - Creating Android driver for thread: 32
2025-10-23 14:14:57 INFO  driver.BaseDriverFactory - Android driver successfully created for thread: 32
2025-10-23 14:14:57 INFO  driver.DriverManager - Driver successfully initialized for thread: 32
2025-10-23 14:14:57 INFO  stepdefinations.Hooks - Senaryo @ResetAppBeforeTest tag'ine sahip. Uygulama yeniden yükleniyor...
2025-10-23 14:14:58 INFO  stepdefinations.Hooks - Android uygulama yeniden yüklendi. [Thread: 32]
2025-10-23 14:14:58 INFO  pages.CommonPage - Navigating to menu item: App
2025-10-23 14:15:00 INFO  pages.CommonPage - Successfully navigated to menu item: App
2025-10-23 14:15:00 INFO  pages.CommonPage - Navigating to menu item: Activity
2025-10-23 14:15:01 INFO  pages.CommonPage - Successfully navigated to menu item: Activity
2025-10-23 14:15:01 INFO  pages.CommonPage - Navigating to menu item: Custom Title
2025-10-23 14:15:01 INFO  pages.CommonPage - Successfully navigated to menu item: Custom Title
2025-10-23 14:15:02 INFO  pages.CustomTitleUpdatePage - The default text box and navigation bar texts are displayed.
2025-10-23 14:15:03 INFO  pages.CustomTitleUpdatePage - The user updates the left text box to Left Updated Text.
2025-10-23 14:15:05 INFO  pages.CustomTitleUpdatePage - The user updates the right text box to Right Updated Text.
2025-10-23 14:15:05 INFO  pages.CustomTitleUpdatePage - The updated texts are shown in all text fields and navigation bar.
2025-10-23 14:15:05 INFO  stepdefinations.Hooks - Senaryo BAŞARILI: Validate default and updated texts in Custom Title Activity
2025-10-23 14:15:11 INFO  driver.DriverManager - Driver quit successfully for thread: 32
]]></system-out>
  </testcase>
  <testcase name="runScenario[&quot;Hide and Show buttons functionality&quot;, &quot;Hide and Show Menu&quot;](4)" classname="runners.TestRunner" time="18.204">
    <failure message="The menu item is not displayed. App  expected [true] but found [false]" type="java.lang.AssertionError"><![CDATA[java.lang.AssertionError: The menu item is not displayed. App  expected [true] but found [false]
	at org.testng.Assert.fail(Assert.java:111)
	at org.testng.Assert.failNotEquals(Assert.java:1578)
	at org.testng.Assert.assertTrue(Assert.java:57)
	at pages.BasePage.assertTrue(BasePage.java:133)
	at pages.BasePage.assertVisible(BasePage.java:155)
	at pages.CommonPage.navigateToMenu(CommonPage.java:37)
	at stepdefinations.CommonSteps.theUserNavigatesToMenu(CommonSteps.java:13)
	at ✽.the user navigates to the following menu(file:///Users/katali/Desktop/TeknasyonAppiumQAFramework/src/test/resources/Feature/HideAndShowMenu.feature:5)
]]></failure>
    <system-out><![CDATA[2025-10-23 14:15:11 INFO  stepdefinations.Hooks - Senaryo başlıyor: Hide and Show buttons functionality [Thread: 32]
2025-10-23 14:15:11 INFO  driver.DriverManager - Initializing driver for platform: android on thread: 32
2025-10-23 14:15:11 INFO  driver.BaseDriverFactory - Creating Android driver for thread: 32
2025-10-23 14:15:13 INFO  driver.BaseDriverFactory - Android driver successfully created for thread: 32
2025-10-23 14:15:13 INFO  driver.DriverManager - Driver successfully initialized for thread: 32
2025-10-23 14:15:13 INFO  pages.CommonPage - Navigating to menu item: App
2025-10-23 14:15:23 ERROR stepdefinations.Hooks - Senaryo BAŞARISIZ: Hide and Show buttons functionality
2025-10-23 14:15:24 INFO  stepdefinations.Hooks - Ekran görüntüsü alındı ve rapora eklendi.
2025-10-23 14:15:29 INFO  driver.DriverManager - Driver quit successfully for thread: 32
]]></system-out>
  </testcase>
  <testcase name="runScenario[&quot;Verify the order and name of the selected element in the list dialog&quot;, &quot;List Dialog Selection&quot;](5)" classname="runners.TestRunner" time="18.195">
    <failure message="The menu item is not displayed. App  expected [true] but found [false]" type="java.lang.AssertionError"><![CDATA[java.lang.AssertionError: The menu item is not displayed. App  expected [true] but found [false]
	at org.testng.Assert.fail(Assert.java:111)
	at org.testng.Assert.failNotEquals(Assert.java:1578)
	at org.testng.Assert.assertTrue(Assert.java:57)
	at pages.BasePage.assertTrue(BasePage.java:133)
	at pages.BasePage.assertVisible(BasePage.java:155)
	at pages.CommonPage.navigateToMenu(CommonPage.java:37)
	at stepdefinations.CommonSteps.theUserNavigatesToMenu(CommonSteps.java:13)
	at ✽.the user navigates to the following menu(file:///Users/katali/Desktop/TeknasyonAppiumQAFramework/src/test/resources/Feature/ListDialogSelectionTest.feature:5)
]]></failure>
    <system-out><![CDATA[2025-10-23 14:15:29 INFO  stepdefinations.Hooks - Senaryo başlıyor: Verify the order and name of the selected element in the list dialog [Thread: 32]
2025-10-23 14:15:29 INFO  driver.DriverManager - Initializing driver for platform: android on thread: 32
2025-10-23 14:15:29 INFO  driver.BaseDriverFactory - Creating Android driver for thread: 32
2025-10-23 14:15:31 INFO  driver.BaseDriverFactory - Android driver successfully created for thread: 32
2025-10-23 14:15:31 INFO  driver.DriverManager - Driver successfully initialized for thread: 32
2025-10-23 14:15:31 INFO  pages.CommonPage - Navigating to menu item: App
2025-10-23 14:15:42 ERROR stepdefinations.Hooks - Senaryo BAŞARISIZ: Verify the order and name of the selected element in the list dialog
2025-10-23 14:15:42 INFO  stepdefinations.Hooks - Ekran görüntüsü alındı ve rapora eklendi.
2025-10-23 14:15:47 INFO  driver.DriverManager - Driver quit successfully for thread: 32
]]></system-out>
  </testcase>
  <testcase name="runScenario[&quot;Verify that incoming notifications are shown and details match&quot;, &quot;Incoming Message Notification&quot;](6)" classname="runners.TestRunner" time="18.227">
    <failure message="The menu item is not displayed. App  expected [true] but found [false]" type="java.lang.AssertionError"><![CDATA[java.lang.AssertionError: The menu item is not displayed. App  expected [true] but found [false]
	at org.testng.Assert.fail(Assert.java:111)
	at org.testng.Assert.failNotEquals(Assert.java:1578)
	at org.testng.Assert.assertTrue(Assert.java:57)
	at pages.BasePage.assertTrue(BasePage.java:133)
	at pages.BasePage.assertVisible(BasePage.java:155)
	at pages.CommonPage.navigateToMenu(CommonPage.java:37)
	at stepdefinations.CommonSteps.theUserNavigatesToMenu(CommonSteps.java:13)
	at ✽.the user navigates to the following menu(file:///Users/katali/Desktop/TeknasyonAppiumQAFramework/src/test/resources/Feature/NotificationControl.feature:5)
]]></failure>
    <system-out><![CDATA[2025-10-23 14:15:47 INFO  stepdefinations.Hooks - Senaryo başlıyor: Verify that incoming notifications are shown and details match [Thread: 32]
2025-10-23 14:15:47 INFO  driver.DriverManager - Initializing driver for platform: android on thread: 32
2025-10-23 14:15:47 INFO  driver.BaseDriverFactory - Creating Android driver for thread: 32
2025-10-23 14:15:50 INFO  driver.BaseDriverFactory - Android driver successfully created for thread: 32
2025-10-23 14:15:50 INFO  driver.DriverManager - Driver successfully initialized for thread: 32
2025-10-23 14:15:50 INFO  pages.CommonPage - Navigating to menu item: App
2025-10-23 14:16:00 ERROR stepdefinations.Hooks - Senaryo BAŞARISIZ: Verify that incoming notifications are shown and details match
2025-10-23 14:16:00 INFO  stepdefinations.Hooks - Ekran görüntüsü alındı ve rapora eklendi.
2025-10-23 14:16:05 INFO  driver.DriverManager - Driver quit successfully for thread: 32
]]></system-out>
  </testcase>
  <testcase name="runScenario[&quot;Navigating to the last tab in Scrollable Tabs and verifying Tab 30&quot;, &quot;Scrollable Tabs Navigation&quot;](7)" classname="runners.TestRunner" time="75.898">
    <system-out><![CDATA[2025-10-23 14:16:05 INFO  stepdefinations.Hooks - Senaryo başlıyor: Navigating to the last tab in Scrollable Tabs and verifying Tab 30 [Thread: 32]
2025-10-23 14:16:05 INFO  driver.DriverManager - Initializing driver for platform: android on thread: 32
2025-10-23 14:16:05 INFO  driver.BaseDriverFactory - Creating Android driver for thread: 32
2025-10-23 14:16:09 INFO  driver.BaseDriverFactory - Android driver successfully created for thread: 32
2025-10-23 14:16:09 INFO  driver.DriverManager - Driver successfully initialized for thread: 32
2025-10-23 14:16:09 INFO  stepdefinations.Hooks - Senaryo @ResetAppBeforeTest tag'ine sahip. Uygulama yeniden yükleniyor...
2025-10-23 14:16:10 INFO  stepdefinations.Hooks - Android uygulama yeniden yüklendi. [Thread: 32]
2025-10-23 14:16:10 INFO  pages.CommonPage - Navigating to menu item: Views
2025-10-23 14:16:14 INFO  pages.CommonPage - Successfully navigated to menu item: Views
2025-10-23 14:16:24 INFO  pages.BasePage - Condition not met: Expected condition failed: waiting for visibility of element located by By.xpath: //android.widget.TextView[@content-desc='Tabs'] (tried for 10 second(s) with 500 milliseconds interval)
Build info: version: '4.13.0', revision: 'ba948ece5b*'
System info: os.name: 'Mac OS X', os.arch: 'aarch64', os.version: '15.5', java.version: '21.0.2'
Driver info: io.appium.java_client.android.AndroidDriver
Capabilities {appium:app: /Users/katali/Desktop/Tekna..., appium:appActivity: io.appium.android.apis.ApiD..., appium:appPackage: io.appium.android.apis, appium:autoGrantPermissions: true, appium:automationName: UiAutomator2, appium:databaseEnabled: false, appium:desired: {app: /Users/katali/Desktop/Tekna..., appPackage: io.appium.android.apis, autoGrantPermissions: true, automationName: UiAutomator2, deviceName: emulator-5554, noReset: true, platformName: ANDROID, platformVersion: 12.0}, appium:deviceApiLevel: 31, appium:deviceManufacturer: Google, appium:deviceModel: sdk_gphone64_arm64, appium:deviceName: emulator-5554, appium:deviceScreenDensity: 440, appium:deviceScreenSize: 1080x2280, appium:deviceUDID: emulator-5554, appium:javascriptEnabled: true, appium:locationContextEnabled: false, appium:networkConnectionEnabled: true, appium:noReset: true, appium:pixelRatio: 2.75, appium:platformVersion: 12, appium:statBarHeight: 66, appium:takesScreenshot: true, appium:viewportRect: {height: 2214, left: 0, top: 66, width: 1080}, appium:warnings: {}, appium:webStorageEnabled: false, platformName: ANDROID}
Session ID: 55c3b3c3-95df-4e84-91f4-3de3d1c3419b
2025-10-23 14:16:31 INFO  pages.TabMenuPage - The user scrolls to the Tabs menu.
2025-10-23 14:16:32 INFO  pages.TabMenuPage - The user navigates to the 5. Scrollable menu.
2025-10-23 14:17:15 INFO  pages.TabMenuPage - The user clicks the TAB 30 tab.
2025-10-23 14:17:16 INFO  pages.TabMenuPage - The opened tab information should belong to Tab 30.
2025-10-23 14:17:16 INFO  stepdefinations.Hooks - Senaryo BAŞARILI: Navigating to the last tab in Scrollable Tabs and verifying Tab 30
2025-10-23 14:17:21 INFO  driver.DriverManager - Driver quit successfully for thread: 32
]]></system-out>
  </testcase>
</testsuite>