<?xml version="1.0" encoding="UTF-8"?>
<testsuite xmlns:xsi="http://www.w3.org/2001/XMLSchema-instance" xsi:noNamespaceSchemaLocation="https://maven.apache.org/surefire/maven-surefire-plugin/xsd/surefire-test-report-3.0.xsd" version="3.0" name="runners.TestRunner" time="22.569" tests="1" errors="0" skipped="0" failures="1">
  <properties>
[...]
</properties>
  <testcase name="runScenario[&quot;Validate default and updated texts in Custom Title Activity&quot;, &quot;Custom Title Update&quot;](1)" classname="runners.TestRunner" time="21.774">
    <failure message="The menu item is not displayed. App  expected [true] but found [false]" type="java.lang.AssertionError"><![CDATA[java.lang.AssertionError: The menu item is not displayed. App  expected [true] but found [false]
	at org.testng.Assert.fail(Assert.java:111)
	at org.testng.Assert.failNotEquals(Assert.java:1578)
	at org.testng.Assert.assertTrue(Assert.java:57)
	at pages.BasePage.assertTrue(BasePage.java:133)
	at pages.BasePage.assertVisible(BasePage.java:155)
	at pages.CommonPage.navigateToMenu(CommonPage.java:37)
	at stepdefinations.CommonSteps.theUserNavigatesToMenu(CommonSteps.java:13)
	at ✽.the user navigates to the following menu(file:///Users/katali/Desktop/TeknasyonAppiumQAFramework/src/test/resources/Feature/CustomTitleUpdateTest.feature:5)
]]></failure>
    <system-out><![CDATA[2025-10-23 14:22:23 INFO  config.AppSettings - Konfigürasyon yüklendi. Platform: android
2025-10-23 14:22:23 INFO  stepdefinations.Hooks - Senaryo başlıyor: Validate default and updated texts in Custom Title Activity [Thread: 32]
2025-10-23 14:22:23 INFO  driver.DriverManager - Initializing driver for platform: android on thread: 32
2025-10-23 14:22:23 INFO  driver.BaseDriverFactory - Creating Android driver for thread: 32
2025-10-23 14:22:29 INFO  driver.BaseDriverFactory - Android driver successfully created for thread: 32
2025-10-23 14:22:29 INFO  driver.DriverManager - Driver successfully initialized for thread: 32
2025-10-23 14:22:29 INFO  pages.CommonPage - Navigating to menu item: App
2025-10-23 14:22:39 ERROR stepdefinations.Hooks - Senaryo BAŞARISIZ: Validate default and updated texts in Custom Title Activity
2025-10-23 14:22:40 INFO  stepdefinations.Hooks - Ekran görüntüsü alındı ve rapora eklendi.
2025-10-23 14:22:45 INFO  driver.DriverManager - Driver quit successfully for thread: 32
]]></system-out>
  </testcase>
</testsuite>