<?xml version="1.0" encoding="UTF-8"?>
<testsuite xmlns:xsi="http://www.w3.org/2001/XMLSchema-instance" xsi:noNamespaceSchemaLocation="https://maven.apache.org/surefire/maven-surefire-plugin/xsd/surefire-test-report-3.0.xsd" version="3.0" name="runners.TestRunner" time="8.052" tests="1" errors="0" skipped="0" failures="1">
  <properties>
[...]
</properties>
  <testcase name="runScenario[&quot;Validate default and updated texts in Custom Title Activity&quot;, &quot;Custom Title Activity Validation&quot;](1)" classname="runners.TestRunner" time="7.44">
    <failure message="Test failed" type="java.lang.AssertionError"><![CDATA[java.lang.AssertionError: Test failed
	at org.testng.Assert.fail(Assert.java:111)
	at pages.BasePage.assertFail(BasePage.java:109)
	at pages.CommonPage.navigateToMenu(CommonPage.java:40)
	at stepdefinations.CommonSteps.theUserNavigatesToMenu(CommonSteps.java:13)
	at ✽.the user navigates to the following menu(file:///Users/katali/Desktop/TeknasyonAppiumQAFramework/src/test/resources/Feature/CustomTitleValidation.feature:5)
]]></failure>
    <system-out><![CDATA[19:25:31.672 [TestNG-PoolService-1] INFO config.AppSettings -- Konfigürasyon yüklendi. Platform: android
19:25:31.674 [TestNG-PoolService-1] INFO stepdefinations.Hooks -- Senaryo başlıyor: Validate default and updated texts in Custom Title Activity [Thread: 32]
19:25:31.716 [TestNG-PoolService-1] DEBUG driver.DriverFactory -- Capability set: app = /Users/katali/Desktop/TeknasyonAppiumQAFramework/app/ApiDemos.apk
19:25:31.716 [TestNG-PoolService-1] DEBUG driver.DriverFactory -- Capability set: appPackage = io.appium.android.apis
19:25:31.716 [TestNG-PoolService-1] DEBUG driver.DriverFactory -- Capability set: platformVersion = 12.0
19:25:31.716 [TestNG-PoolService-1] DEBUG driver.DriverFactory -- Capability set: automationName = UiAutomator2
19:25:31.716 [TestNG-PoolService-1] DEBUG driver.DriverFactory -- Capability set: platformName = Android
19:25:31.716 [TestNG-PoolService-1] DEBUG driver.DriverFactory -- Capability set: deviceName = emulator-5554
19:25:31.716 [TestNG-PoolService-1] INFO driver.DriverFactory -- Android driver başlatılıyor... Thread: 32
19:25:31.786 [TestNG-PoolService-1] DEBUG io.netty.util.internal.logging.InternalLoggerFactory -- Using SLF4J as the default logging framework
19:25:31.788 [TestNG-PoolService-1] DEBUG io.netty.util.ResourceLeakDetector -- -Dio.netty.leakDetection.level: simple
19:25:31.788 [TestNG-PoolService-1] DEBUG io.netty.util.ResourceLeakDetector -- -Dio.netty.leakDetection.targetRecords: 4
19:25:31.791 [TestNG-PoolService-1] DEBUG io.netty.util.ResourceLeakDetectorFactory -- Loaded default ResourceLeakDetector: io.netty.util.ResourceLeakDetector@592bfe14
19:25:31.806 [TestNG-PoolService-1] DEBUG io.netty.util.internal.PlatformDependent0 -- -Dio.netty.noUnsafe: false
19:25:31.806 [TestNG-PoolService-1] DEBUG io.netty.util.internal.PlatformDependent0 -- Java version: 21
19:25:31.806 [TestNG-PoolService-1] DEBUG io.netty.util.internal.PlatformDependent0 -- sun.misc.Unsafe.theUnsafe: available
19:25:31.806 [TestNG-PoolService-1] DEBUG io.netty.util.internal.PlatformDependent0 -- sun.misc.Unsafe.copyMemory: available
19:25:31.807 [TestNG-PoolService-1] DEBUG io.netty.util.internal.PlatformDependent0 -- sun.misc.Unsafe.storeFence: available
19:25:31.807 [TestNG-PoolService-1] DEBUG io.netty.util.internal.PlatformDependent0 -- java.nio.Buffer.address: available
19:25:31.807 [TestNG-PoolService-1] DEBUG io.netty.util.internal.PlatformDependent0 -- direct buffer constructor: unavailable: Reflective setAccessible(true) disabled
19:25:31.807 [TestNG-PoolService-1] DEBUG io.netty.util.internal.PlatformDependent0 -- java.nio.Bits.unaligned: available, true
19:25:31.808 [TestNG-PoolService-1] DEBUG io.netty.util.internal.PlatformDependent0 -- jdk.internal.misc.Unsafe.allocateUninitializedArray(int): unavailable: class io.netty.util.internal.PlatformDependent0$7 cannot access class jdk.internal.misc.Unsafe (in module java.base) because module java.base does not export jdk.internal.misc to unnamed module @1187c9e8
19:25:31.808 [TestNG-PoolService-1] DEBUG io.netty.util.internal.PlatformDependent0 -- java.nio.DirectByteBuffer.<init>(long, {int,long}): unavailable
19:25:31.808 [TestNG-PoolService-1] DEBUG io.netty.util.internal.PlatformDependent -- sun.misc.Unsafe: available
19:25:31.810 [TestNG-PoolService-1] DEBUG io.netty.util.internal.PlatformDependent -- maxDirectMemory: 4294967296 bytes (maybe)
19:25:31.810 [TestNG-PoolService-1] DEBUG io.netty.util.internal.PlatformDependent -- -Dio.netty.tmpdir: /var/folders/89/p9vwmd697t94vh6bjdl14h900000gn/T (java.io.tmpdir)
19:25:31.810 [TestNG-PoolService-1] DEBUG io.netty.util.internal.PlatformDependent -- -Dio.netty.bitMode: 64 (sun.arch.data.model)
19:25:31.810 [TestNG-PoolService-1] DEBUG io.netty.util.internal.PlatformDependent -- Platform: MacOS
19:25:31.810 [TestNG-PoolService-1] DEBUG io.netty.util.internal.PlatformDependent -- -Dio.netty.maxDirectMemory: -1 bytes
19:25:31.810 [TestNG-PoolService-1] DEBUG io.netty.util.internal.PlatformDependent -- -Dio.netty.uninitializedArrayAllocationThreshold: -1
19:25:31.811 [TestNG-PoolService-1] DEBUG io.netty.util.internal.CleanerJava9 -- java.nio.ByteBuffer.cleaner(): available
19:25:31.811 [TestNG-PoolService-1] DEBUG io.netty.util.internal.PlatformDependent -- -Dio.netty.noPreferDirect: false
19:25:31.818 [TestNG-PoolService-1] DEBUG io.netty.util.internal.PlatformDependent -- org.jctools-core.MpscChunkedArrayQueue: available
19:25:31.834 [TestNG-PoolService-1] DEBUG io.netty.util.internal.InternalThreadLocalMap -- -Dio.netty.threadLocalMap.stringBuilder.initialSize: 1024
19:25:31.834 [TestNG-PoolService-1] DEBUG io.netty.util.internal.InternalThreadLocalMap -- -Dio.netty.threadLocalMap.stringBuilder.maxSize: 4096
19:25:31.936 [TestNG-PoolService-1] DEBUG io.netty.handler.ssl.JdkSslContext -- Default protocols (JDK): [TLSv1.3, TLSv1.2] 
19:25:31.936 [TestNG-PoolService-1] DEBUG io.netty.handler.ssl.JdkSslContext -- Default cipher suites (JDK): [TLS_ECDHE_ECDSA_WITH_AES_256_GCM_SHA384, TLS_ECDHE_ECDSA_WITH_AES_128_GCM_SHA256, TLS_ECDHE_RSA_WITH_AES_128_GCM_SHA256, TLS_ECDHE_RSA_WITH_AES_256_GCM_SHA384, TLS_ECDHE_RSA_WITH_AES_128_CBC_SHA, TLS_ECDHE_RSA_WITH_AES_256_CBC_SHA, TLS_RSA_WITH_AES_128_GCM_SHA256, TLS_RSA_WITH_AES_128_CBC_SHA, TLS_RSA_WITH_AES_256_CBC_SHA, TLS_AES_128_GCM_SHA256, TLS_AES_256_GCM_SHA384]
19:25:31.947 [TestNG-PoolService-1] DEBUG io.netty.util.concurrent.GlobalEventExecutor -- -Dio.netty.globalEventExecutor.quietPeriodSeconds: 1
19:25:31.956 [TestNG-PoolService-1] DEBUG io.netty.channel.MultithreadEventLoopGroup -- -Dio.netty.eventLoopThreads: 16
19:25:31.967 [TestNG-PoolService-1] DEBUG io.netty.channel.nio.NioEventLoop -- -Dio.netty.noKeySetOptimization: false
19:25:31.967 [TestNG-PoolService-1] DEBUG io.netty.channel.nio.NioEventLoop -- -Dio.netty.selectorAutoRebuildThreshold: 512
19:25:31.987 [TestNG-PoolService-1] DEBUG io.netty.buffer.PooledByteBufAllocator -- -Dio.netty.allocator.numHeapArenas: 16
19:25:31.987 [TestNG-PoolService-1] DEBUG io.netty.buffer.PooledByteBufAllocator -- -Dio.netty.allocator.numDirectArenas: 16
19:25:31.987 [TestNG-PoolService-1] DEBUG io.netty.buffer.PooledByteBufAllocator -- -Dio.netty.allocator.pageSize: 8192
19:25:31.987 [TestNG-PoolService-1] DEBUG io.netty.buffer.PooledByteBufAllocator -- -Dio.netty.allocator.maxOrder: 9
19:25:31.987 [TestNG-PoolService-1] DEBUG io.netty.buffer.PooledByteBufAllocator -- -Dio.netty.allocator.chunkSize: 4194304
19:25:31.988 [TestNG-PoolService-1] DEBUG io.netty.buffer.PooledByteBufAllocator -- -Dio.netty.allocator.smallCacheSize: 256
19:25:31.988 [TestNG-PoolService-1] DEBUG io.netty.buffer.PooledByteBufAllocator -- -Dio.netty.allocator.normalCacheSize: 64
19:25:31.988 [TestNG-PoolService-1] DEBUG io.netty.buffer.PooledByteBufAllocator -- -Dio.netty.allocator.maxCachedBufferCapacity: 32768
19:25:31.988 [TestNG-PoolService-1] DEBUG io.netty.buffer.PooledByteBufAllocator -- -Dio.netty.allocator.cacheTrimInterval: 8192
19:25:31.988 [TestNG-PoolService-1] DEBUG io.netty.buffer.PooledByteBufAllocator -- -Dio.netty.allocator.cacheTrimIntervalMillis: 0
19:25:31.988 [TestNG-PoolService-1] DEBUG io.netty.buffer.PooledByteBufAllocator -- -Dio.netty.allocator.useCacheForAllThreads: false
19:25:31.988 [TestNG-PoolService-1] DEBUG io.netty.buffer.PooledByteBufAllocator -- -Dio.netty.allocator.maxCachedByteBuffersPerChunk: 1023
19:25:31.995 [TestNG-PoolService-1] DEBUG io.netty.buffer.ByteBufUtil -- -Dio.netty.allocator.type: pooled
19:25:31.995 [TestNG-PoolService-1] DEBUG io.netty.buffer.ByteBufUtil -- -Dio.netty.threadLocalDirectBufferSize: 0
19:25:31.995 [TestNG-PoolService-1] DEBUG io.netty.buffer.ByteBufUtil -- -Dio.netty.maxThreadLocalCharBufferSize: 16384
19:25:32.115 [Forwarding newSession on session null to remote] DEBUG io.netty.channel.DefaultChannelId -- -Dio.netty.processId: 98188 (auto-detected)
19:25:32.116 [Forwarding newSession on session null to remote] DEBUG io.netty.util.NetUtil -- -Djava.net.preferIPv4Stack: false
19:25:32.116 [Forwarding newSession on session null to remote] DEBUG io.netty.util.NetUtil -- -Djava.net.preferIPv6Addresses: false
19:25:32.118 [Forwarding newSession on session null to remote] DEBUG io.netty.util.NetUtilInitializations -- Loopback interface: lo0 (lo0, 0:0:0:0:0:0:0:1%lo0)
19:25:32.119 [Forwarding newSession on session null to remote] DEBUG io.netty.util.NetUtil -- Failed to get SOMAXCONN from sysctl and file /proc/sys/net/core/somaxconn. Default: 128
19:25:32.119 [Forwarding newSession on session null to remote] DEBUG io.netty.channel.DefaultChannelId -- -Dio.netty.machineId: ce:35:f7:ff:fe:9c:8b:d0 (auto-detected)
19:25:32.143 [AsyncHttpClient-1-2] DEBUG io.netty.buffer.AbstractByteBuf -- -Dio.netty.buffer.checkAccessible: true
19:25:32.143 [AsyncHttpClient-1-2] DEBUG io.netty.buffer.AbstractByteBuf -- -Dio.netty.buffer.checkBounds: true
19:25:32.143 [AsyncHttpClient-1-2] DEBUG io.netty.util.ResourceLeakDetectorFactory -- Loaded default ResourceLeakDetector: io.netty.util.ResourceLeakDetector@1a67d0d
19:25:32.156 [AsyncHttpClient-1-2] DEBUG org.asynchttpclient.netty.channel.NettyConnectListener -- Using new Channel '[id: 0x0e8458e8, L:/127.0.0.1:58334 - R:localhost/127.0.0.1:4723]' for 'POST' to '/session'
19:25:32.166 [AsyncHttpClient-1-2] DEBUG io.netty.util.Recycler -- -Dio.netty.recycler.maxCapacityPerThread: 4096
19:25:32.166 [AsyncHttpClient-1-2] DEBUG io.netty.util.Recycler -- -Dio.netty.recycler.ratio: 8
19:25:32.166 [AsyncHttpClient-1-2] DEBUG io.netty.util.Recycler -- -Dio.netty.recycler.chunkSize: 32
19:25:32.166 [AsyncHttpClient-1-2] DEBUG io.netty.util.Recycler -- -Dio.netty.recycler.blocking: false
19:25:32.166 [AsyncHttpClient-1-2] DEBUG io.netty.util.Recycler -- -Dio.netty.recycler.batchFastThreadLocalOnly: true
19:25:35.581 [AsyncHttpClient-1-2] DEBUG io.netty.handler.codec.compression.Brotli -- brotli4j not in the classpath; Brotli support will be unavailable.
19:25:35.581 [AsyncHttpClient-1-2] DEBUG org.asynchttpclient.netty.handler.HttpHandler -- 

Request DefaultHttpRequest(decodeResult: success, version: HTTP/1.1)
POST /session HTTP/1.1
X-Idempotency-Key: 8eea0601-216a-478d-8a3a-8ea43e265bbe
User-Agent: appium/8.6.0 (selenium/4.13.0 (java mac))
Content-Length: 432
Content-Type: application/json; charset=utf-8
host: localhost:4723
accept: */*

Response DefaultHttpResponse(decodeResult: success, version: HTTP/1.1)
HTTP/1.1 200 OK
X-Powered-By: Express
Vary: X-HTTP-Method-Override
Content-Type: application/json; charset=utf-8
Content-Length: 1049
ETag: W/"419-mOaaZ1iMRfJR0dcDSb3zhGS7gO8"
Date: Mon, 20 Oct 2025 16:25:35 GMT
Connection: keep-alive
Keep-Alive: timeout=600

19:25:35.585 [AsyncHttpClient-1-2] DEBUG org.asynchttpclient.netty.channel.ChannelManager -- Adding key: http://localhost:4723 for channel [id: 0x0e8458e8, L:/127.0.0.1:58334 - R:localhost/127.0.0.1:4723]
19:25:35.635 [Forwarding setTimeout on session bdf231c7-112a-4662-bb7c-134409c09f2a to remote] DEBUG org.asynchttpclient.netty.request.NettyRequestSender -- Using pooled Channel '[id: 0x0e8458e8, L:/127.0.0.1:58334 - R:localhost/127.0.0.1:4723]' for 'POST' to 'http://localhost:4723/session/bdf231c7-112a-4662-bb7c-134409c09f2a/timeouts'
19:25:35.635 [Forwarding setTimeout on session bdf231c7-112a-4662-bb7c-134409c09f2a to remote] DEBUG org.asynchttpclient.netty.request.NettyRequestSender -- Using open Channel [id: 0x0e8458e8, L:/127.0.0.1:58334 - R:localhost/127.0.0.1:4723] for POST '/session/bdf231c7-112a-4662-bb7c-134409c09f2a/timeouts'
19:25:35.639 [AsyncHttpClient-1-2] DEBUG org.asynchttpclient.netty.handler.HttpHandler -- 

Request DefaultHttpRequest(decodeResult: success, version: HTTP/1.1)
POST /session/bdf231c7-112a-4662-bb7c-134409c09f2a/timeouts HTTP/1.1
User-Agent: appium/8.6.0 (selenium/4.13.0 (java mac))
Content-Length: 23
Content-Type: application/json; charset=utf-8
host: localhost:4723
accept: */*

Response DefaultHttpResponse(decodeResult: success, version: HTTP/1.1)
HTTP/1.1 200 OK
X-Powered-By: Express
Vary: X-HTTP-Method-Override
Content-Type: application/json; charset=utf-8
Content-Length: 14
ETag: W/"e-9/1BuKMgFObM1mWJm+YjxtXJnUM"
Date: Mon, 20 Oct 2025 16:25:35 GMT
Connection: keep-alive
Keep-Alive: timeout=600

19:25:35.639 [AsyncHttpClient-1-2] DEBUG org.asynchttpclient.netty.channel.ChannelManager -- Adding key: http://localhost:4723 for channel [id: 0x0e8458e8, L:/127.0.0.1:58334 - R:localhost/127.0.0.1:4723]
19:25:35.641 [TestNG-PoolService-1] INFO driver.DriverFactory -- Driver başarıyla başlatıldı. Thread: 32
19:25:35.701 [TestNG-PoolService-1] INFO pages.CommonPage -- Navigating to menu item: App
19:25:35.702 [Forwarding findElement on session bdf231c7-112a-4662-bb7c-134409c09f2a to remote] DEBUG org.asynchttpclient.netty.request.NettyRequestSender -- Using pooled Channel '[id: 0x0e8458e8, L:/127.0.0.1:58334 - R:localhost/127.0.0.1:4723]' for 'POST' to 'http://localhost:4723/session/bdf231c7-112a-4662-bb7c-134409c09f2a/element'
19:25:35.702 [Forwarding findElement on session bdf231c7-112a-4662-bb7c-134409c09f2a to remote] DEBUG org.asynchttpclient.netty.request.NettyRequestSender -- Using open Channel [id: 0x0e8458e8, L:/127.0.0.1:58334 - R:localhost/127.0.0.1:4723] for POST '/session/bdf231c7-112a-4662-bb7c-134409c09f2a/element'
19:25:36.169 [AsyncHttpClient-1-2] DEBUG org.asynchttpclient.netty.handler.HttpHandler -- 

Request DefaultHttpRequest(decodeResult: success, version: HTTP/1.1)
POST /session/bdf231c7-112a-4662-bb7c-134409c09f2a/element HTTP/1.1
User-Agent: appium/8.6.0 (selenium/4.13.0 (java mac))
Content-Length: 93
Content-Type: application/json; charset=utf-8
host: localhost:4723
accept: */*

Response DefaultHttpResponse(decodeResult: success, version: HTTP/1.1)
HTTP/1.1 200 OK
X-Powered-By: Express
Vary: X-HTTP-Method-Override
Content-Type: application/json; charset=utf-8
Content-Length: 137
ETag: W/"89-BDzqEqR0Oei+HZzbHQ0lngUtZOk"
Date: Mon, 20 Oct 2025 16:25:36 GMT
Connection: keep-alive
Keep-Alive: timeout=600

19:25:36.169 [AsyncHttpClient-1-2] DEBUG org.asynchttpclient.netty.channel.ChannelManager -- Adding key: http://localhost:4723 for channel [id: 0x0e8458e8, L:/127.0.0.1:58334 - R:localhost/127.0.0.1:4723]
19:25:36.174 [Forwarding isElementDisplayed on session bdf231c7-112a-4662-bb7c-134409c09f2a to remote] DEBUG org.asynchttpclient.netty.request.NettyRequestSender -- Using pooled Channel '[id: 0x0e8458e8, L:/127.0.0.1:58334 - R:localhost/127.0.0.1:4723]' for 'GET' to 'http://localhost:4723/session/bdf231c7-112a-4662-bb7c-134409c09f2a/element/00000000-0000-0135-ffff-ffff0000000c/displayed'
19:25:36.174 [Forwarding isElementDisplayed on session bdf231c7-112a-4662-bb7c-134409c09f2a to remote] DEBUG org.asynchttpclient.netty.request.NettyRequestSender -- Using open Channel [id: 0x0e8458e8, L:/127.0.0.1:58334 - R:localhost/127.0.0.1:4723] for GET '/session/bdf231c7-112a-4662-bb7c-134409c09f2a/element/00000000-0000-0135-ffff-ffff0000000c/displayed'
19:25:36.187 [AsyncHttpClient-1-2] DEBUG org.asynchttpclient.netty.handler.HttpHandler -- 

Request DefaultFullHttpRequest(decodeResult: success, version: HTTP/1.1, content: EmptyByteBufBE)
GET /session/bdf231c7-112a-4662-bb7c-134409c09f2a/element/00000000-0000-0135-ffff-ffff0000000c/displayed HTTP/1.1
Cache-Control: no-cache
User-Agent: appium/8.6.0 (selenium/4.13.0 (java mac))
Content-Type: application/json; charset=utf-8
host: localhost:4723
accept: */*

Response DefaultHttpResponse(decodeResult: success, version: HTTP/1.1)
HTTP/1.1 200 OK
X-Powered-By: Express
Content-Type: application/json; charset=utf-8
Content-Length: 14
ETag: W/"e-2ZHvAWebNQpyjGZTg6uyV8/spTo"
Date: Mon, 20 Oct 2025 16:25:36 GMT
Connection: keep-alive
Keep-Alive: timeout=600

19:25:36.187 [AsyncHttpClient-1-2] DEBUG org.asynchttpclient.netty.channel.ChannelManager -- Adding key: http://localhost:4723 for channel [id: 0x0e8458e8, L:/127.0.0.1:58334 - R:localhost/127.0.0.1:4723]
19:25:36.189 [Forwarding isElementDisplayed on session bdf231c7-112a-4662-bb7c-134409c09f2a to remote] DEBUG org.asynchttpclient.netty.request.NettyRequestSender -- Using pooled Channel '[id: 0x0e8458e8, L:/127.0.0.1:58334 - R:localhost/127.0.0.1:4723]' for 'GET' to 'http://localhost:4723/session/bdf231c7-112a-4662-bb7c-134409c09f2a/element/00000000-0000-0135-ffff-ffff0000000c/displayed'
19:25:36.189 [Forwarding isElementDisplayed on session bdf231c7-112a-4662-bb7c-134409c09f2a to remote] DEBUG org.asynchttpclient.netty.request.NettyRequestSender -- Using open Channel [id: 0x0e8458e8, L:/127.0.0.1:58334 - R:localhost/127.0.0.1:4723] for GET '/session/bdf231c7-112a-4662-bb7c-134409c09f2a/element/00000000-0000-0135-ffff-ffff0000000c/displayed'
19:25:36.209 [AsyncHttpClient-1-2] DEBUG org.asynchttpclient.netty.handler.HttpHandler -- 

Request DefaultFullHttpRequest(decodeResult: success, version: HTTP/1.1, content: EmptyByteBufBE)
GET /session/bdf231c7-112a-4662-bb7c-134409c09f2a/element/00000000-0000-0135-ffff-ffff0000000c/displayed HTTP/1.1
Cache-Control: no-cache
User-Agent: appium/8.6.0 (selenium/4.13.0 (java mac))
Content-Type: application/json; charset=utf-8
host: localhost:4723
accept: */*

Response DefaultHttpResponse(decodeResult: success, version: HTTP/1.1)
HTTP/1.1 200 OK
X-Powered-By: Express
Content-Type: application/json; charset=utf-8
Content-Length: 14
ETag: W/"e-2ZHvAWebNQpyjGZTg6uyV8/spTo"
Date: Mon, 20 Oct 2025 16:25:36 GMT
Connection: keep-alive
Keep-Alive: timeout=600

19:25:36.209 [AsyncHttpClient-1-2] DEBUG org.asynchttpclient.netty.channel.ChannelManager -- Adding key: http://localhost:4723 for channel [id: 0x0e8458e8, L:/127.0.0.1:58334 - R:localhost/127.0.0.1:4723]
19:25:36.209 [Forwarding isElementEnabled on session bdf231c7-112a-4662-bb7c-134409c09f2a to remote] DEBUG org.asynchttpclient.netty.request.NettyRequestSender -- Using pooled Channel '[id: 0x0e8458e8, L:/127.0.0.1:58334 - R:localhost/127.0.0.1:4723]' for 'GET' to 'http://localhost:4723/session/bdf231c7-112a-4662-bb7c-134409c09f2a/element/00000000-0000-0135-ffff-ffff0000000c/enabled'
19:25:36.210 [Forwarding isElementEnabled on session bdf231c7-112a-4662-bb7c-134409c09f2a to remote] DEBUG org.asynchttpclient.netty.request.NettyRequestSender -- Using open Channel [id: 0x0e8458e8, L:/127.0.0.1:58334 - R:localhost/127.0.0.1:4723] for GET '/session/bdf231c7-112a-4662-bb7c-134409c09f2a/element/00000000-0000-0135-ffff-ffff0000000c/enabled'
19:25:36.216 [AsyncHttpClient-1-2] DEBUG org.asynchttpclient.netty.handler.HttpHandler -- 

Request DefaultFullHttpRequest(decodeResult: success, version: HTTP/1.1, content: EmptyByteBufBE)
GET /session/bdf231c7-112a-4662-bb7c-134409c09f2a/element/00000000-0000-0135-ffff-ffff0000000c/enabled HTTP/1.1
Cache-Control: no-cache
User-Agent: appium/8.6.0 (selenium/4.13.0 (java mac))
Content-Type: application/json; charset=utf-8
host: localhost:4723
accept: */*

Response DefaultHttpResponse(decodeResult: success, version: HTTP/1.1)
HTTP/1.1 200 OK
X-Powered-By: Express
Content-Type: application/json; charset=utf-8
Content-Length: 14
ETag: W/"e-2ZHvAWebNQpyjGZTg6uyV8/spTo"
Date: Mon, 20 Oct 2025 16:25:36 GMT
Connection: keep-alive
Keep-Alive: timeout=600

19:25:36.216 [AsyncHttpClient-1-2] DEBUG org.asynchttpclient.netty.channel.ChannelManager -- Adding key: http://localhost:4723 for channel [id: 0x0e8458e8, L:/127.0.0.1:58334 - R:localhost/127.0.0.1:4723]
19:25:36.217 [Forwarding clickElement on session bdf231c7-112a-4662-bb7c-134409c09f2a to remote] DEBUG org.asynchttpclient.netty.request.NettyRequestSender -- Using pooled Channel '[id: 0x0e8458e8, L:/127.0.0.1:58334 - R:localhost/127.0.0.1:4723]' for 'POST' to 'http://localhost:4723/session/bdf231c7-112a-4662-bb7c-134409c09f2a/element/00000000-0000-0135-ffff-ffff0000000c/click'
19:25:36.217 [Forwarding clickElement on session bdf231c7-112a-4662-bb7c-134409c09f2a to remote] DEBUG org.asynchttpclient.netty.request.NettyRequestSender -- Using open Channel [id: 0x0e8458e8, L:/127.0.0.1:58334 - R:localhost/127.0.0.1:4723] for POST '/session/bdf231c7-112a-4662-bb7c-134409c09f2a/element/00000000-0000-0135-ffff-ffff0000000c/click'
19:25:36.994 [AsyncHttpClient-1-2] DEBUG org.asynchttpclient.netty.handler.HttpHandler -- 

Request DefaultHttpRequest(decodeResult: success, version: HTTP/1.1)
POST /session/bdf231c7-112a-4662-bb7c-134409c09f2a/element/00000000-0000-0135-ffff-ffff0000000c/click HTTP/1.1
User-Agent: appium/8.6.0 (selenium/4.13.0 (java mac))
Content-Length: 50
Content-Type: application/json; charset=utf-8
host: localhost:4723
accept: */*

Response DefaultHttpResponse(decodeResult: success, version: HTTP/1.1)
HTTP/1.1 200 OK
X-Powered-By: Express
Vary: X-HTTP-Method-Override
Content-Type: application/json; charset=utf-8
Content-Length: 14
ETag: W/"e-9/1BuKMgFObM1mWJm+YjxtXJnUM"
Date: Mon, 20 Oct 2025 16:25:36 GMT
Connection: keep-alive
Keep-Alive: timeout=600

19:25:36.995 [AsyncHttpClient-1-2] DEBUG org.asynchttpclient.netty.channel.ChannelManager -- Adding key: http://localhost:4723 for channel [id: 0x0e8458e8, L:/127.0.0.1:58334 - R:localhost/127.0.0.1:4723]
19:25:36.996 [TestNG-PoolService-1] INFO pages.CommonPage -- Successfully navigated to menu item: App
19:25:36.996 [TestNG-PoolService-1] INFO pages.CommonPage -- Navigating to menu item: Activity
19:25:36.997 [Forwarding findElement on session bdf231c7-112a-4662-bb7c-134409c09f2a to remote] DEBUG org.asynchttpclient.netty.request.NettyRequestSender -- Using pooled Channel '[id: 0x0e8458e8, L:/127.0.0.1:58334 - R:localhost/127.0.0.1:4723]' for 'POST' to 'http://localhost:4723/session/bdf231c7-112a-4662-bb7c-134409c09f2a/element'
19:25:36.998 [Forwarding findElement on session bdf231c7-112a-4662-bb7c-134409c09f2a to remote] DEBUG org.asynchttpclient.netty.request.NettyRequestSender -- Using open Channel [id: 0x0e8458e8, L:/127.0.0.1:58334 - R:localhost/127.0.0.1:4723] for POST '/session/bdf231c7-112a-4662-bb7c-134409c09f2a/element'
19:25:37.048 [AsyncHttpClient-1-2] DEBUG org.asynchttpclient.netty.handler.HttpHandler -- 

Request DefaultHttpRequest(decodeResult: success, version: HTTP/1.1)
POST /session/bdf231c7-112a-4662-bb7c-134409c09f2a/element HTTP/1.1
User-Agent: appium/8.6.0 (selenium/4.13.0 (java mac))
Content-Length: 98
Content-Type: application/json; charset=utf-8
host: localhost:4723
accept: */*

Response DefaultHttpResponse(decodeResult: success, version: HTTP/1.1)
HTTP/1.1 200 OK
X-Powered-By: Express
Vary: X-HTTP-Method-Override
Content-Type: application/json; charset=utf-8
Content-Length: 137
ETag: W/"89-Aah/ReQkBrp8Xetr7sttrItUFkM"
Date: Mon, 20 Oct 2025 16:25:37 GMT
Connection: keep-alive
Keep-Alive: timeout=600

19:25:37.049 [AsyncHttpClient-1-2] DEBUG org.asynchttpclient.netty.channel.ChannelManager -- Adding key: http://localhost:4723 for channel [id: 0x0e8458e8, L:/127.0.0.1:58334 - R:localhost/127.0.0.1:4723]
19:25:37.051 [Forwarding isElementDisplayed on session bdf231c7-112a-4662-bb7c-134409c09f2a to remote] DEBUG org.asynchttpclient.netty.request.NettyRequestSender -- Using pooled Channel '[id: 0x0e8458e8, L:/127.0.0.1:58334 - R:localhost/127.0.0.1:4723]' for 'GET' to 'http://localhost:4723/session/bdf231c7-112a-4662-bb7c-134409c09f2a/element/00000000-0000-0136-ffff-ffff00000020/displayed'
19:25:37.052 [Forwarding isElementDisplayed on session bdf231c7-112a-4662-bb7c-134409c09f2a to remote] DEBUG org.asynchttpclient.netty.request.NettyRequestSender -- Using open Channel [id: 0x0e8458e8, L:/127.0.0.1:58334 - R:localhost/127.0.0.1:4723] for GET '/session/bdf231c7-112a-4662-bb7c-134409c09f2a/element/00000000-0000-0136-ffff-ffff00000020/displayed'
19:25:37.063 [AsyncHttpClient-1-2] DEBUG org.asynchttpclient.netty.handler.HttpHandler -- 

Request DefaultFullHttpRequest(decodeResult: success, version: HTTP/1.1, content: EmptyByteBufBE)
GET /session/bdf231c7-112a-4662-bb7c-134409c09f2a/element/00000000-0000-0136-ffff-ffff00000020/displayed HTTP/1.1
Cache-Control: no-cache
User-Agent: appium/8.6.0 (selenium/4.13.0 (java mac))
Content-Type: application/json; charset=utf-8
host: localhost:4723
accept: */*

Response DefaultHttpResponse(decodeResult: success, version: HTTP/1.1)
HTTP/1.1 200 OK
X-Powered-By: Express
Content-Type: application/json; charset=utf-8
Content-Length: 14
ETag: W/"e-2ZHvAWebNQpyjGZTg6uyV8/spTo"
Date: Mon, 20 Oct 2025 16:25:37 GMT
Connection: keep-alive
Keep-Alive: timeout=600

19:25:37.064 [AsyncHttpClient-1-2] DEBUG org.asynchttpclient.netty.channel.ChannelManager -- Adding key: http://localhost:4723 for channel [id: 0x0e8458e8, L:/127.0.0.1:58334 - R:localhost/127.0.0.1:4723]
19:25:37.067 [Forwarding isElementDisplayed on session bdf231c7-112a-4662-bb7c-134409c09f2a to remote] DEBUG org.asynchttpclient.netty.request.NettyRequestSender -- Using pooled Channel '[id: 0x0e8458e8, L:/127.0.0.1:58334 - R:localhost/127.0.0.1:4723]' for 'GET' to 'http://localhost:4723/session/bdf231c7-112a-4662-bb7c-134409c09f2a/element/00000000-0000-0136-ffff-ffff00000020/displayed'
19:25:37.067 [Forwarding isElementDisplayed on session bdf231c7-112a-4662-bb7c-134409c09f2a to remote] DEBUG org.asynchttpclient.netty.request.NettyRequestSender -- Using open Channel [id: 0x0e8458e8, L:/127.0.0.1:58334 - R:localhost/127.0.0.1:4723] for GET '/session/bdf231c7-112a-4662-bb7c-134409c09f2a/element/00000000-0000-0136-ffff-ffff00000020/displayed'
19:25:37.079 [AsyncHttpClient-1-2] DEBUG org.asynchttpclient.netty.handler.HttpHandler -- 

Request DefaultFullHttpRequest(decodeResult: success, version: HTTP/1.1, content: EmptyByteBufBE)
GET /session/bdf231c7-112a-4662-bb7c-134409c09f2a/element/00000000-0000-0136-ffff-ffff00000020/displayed HTTP/1.1
Cache-Control: no-cache
User-Agent: appium/8.6.0 (selenium/4.13.0 (java mac))
Content-Type: application/json; charset=utf-8
host: localhost:4723
accept: */*

Response DefaultHttpResponse(decodeResult: success, version: HTTP/1.1)
HTTP/1.1 200 OK
X-Powered-By: Express
Content-Type: application/json; charset=utf-8
Content-Length: 14
ETag: W/"e-2ZHvAWebNQpyjGZTg6uyV8/spTo"
Date: Mon, 20 Oct 2025 16:25:37 GMT
Connection: keep-alive
Keep-Alive: timeout=600

19:25:37.080 [AsyncHttpClient-1-2] DEBUG org.asynchttpclient.netty.channel.ChannelManager -- Adding key: http://localhost:4723 for channel [id: 0x0e8458e8, L:/127.0.0.1:58334 - R:localhost/127.0.0.1:4723]
19:25:37.082 [Forwarding isElementEnabled on session bdf231c7-112a-4662-bb7c-134409c09f2a to remote] DEBUG org.asynchttpclient.netty.request.NettyRequestSender -- Using pooled Channel '[id: 0x0e8458e8, L:/127.0.0.1:58334 - R:localhost/127.0.0.1:4723]' for 'GET' to 'http://localhost:4723/session/bdf231c7-112a-4662-bb7c-134409c09f2a/element/00000000-0000-0136-ffff-ffff00000020/enabled'
19:25:37.083 [Forwarding isElementEnabled on session bdf231c7-112a-4662-bb7c-134409c09f2a to remote] DEBUG org.asynchttpclient.netty.request.NettyRequestSender -- Using open Channel [id: 0x0e8458e8, L:/127.0.0.1:58334 - R:localhost/127.0.0.1:4723] for GET '/session/bdf231c7-112a-4662-bb7c-134409c09f2a/element/00000000-0000-0136-ffff-ffff00000020/enabled'
19:25:37.102 [AsyncHttpClient-1-2] DEBUG org.asynchttpclient.netty.handler.HttpHandler -- 

Request DefaultFullHttpRequest(decodeResult: success, version: HTTP/1.1, content: EmptyByteBufBE)
GET /session/bdf231c7-112a-4662-bb7c-134409c09f2a/element/00000000-0000-0136-ffff-ffff00000020/enabled HTTP/1.1
Cache-Control: no-cache
User-Agent: appium/8.6.0 (selenium/4.13.0 (java mac))
Content-Type: application/json; charset=utf-8
host: localhost:4723
accept: */*

Response DefaultHttpResponse(decodeResult: success, version: HTTP/1.1)
HTTP/1.1 200 OK
X-Powered-By: Express
Content-Type: application/json; charset=utf-8
Content-Length: 14
ETag: W/"e-2ZHvAWebNQpyjGZTg6uyV8/spTo"
Date: Mon, 20 Oct 2025 16:25:37 GMT
Connection: keep-alive
Keep-Alive: timeout=600

19:25:37.103 [AsyncHttpClient-1-2] DEBUG org.asynchttpclient.netty.channel.ChannelManager -- Adding key: http://localhost:4723 for channel [id: 0x0e8458e8, L:/127.0.0.1:58334 - R:localhost/127.0.0.1:4723]
19:25:37.105 [Forwarding clickElement on session bdf231c7-112a-4662-bb7c-134409c09f2a to remote] DEBUG org.asynchttpclient.netty.request.NettyRequestSender -- Using pooled Channel '[id: 0x0e8458e8, L:/127.0.0.1:58334 - R:localhost/127.0.0.1:4723]' for 'POST' to 'http://localhost:4723/session/bdf231c7-112a-4662-bb7c-134409c09f2a/element/00000000-0000-0136-ffff-ffff00000020/click'
19:25:37.105 [Forwarding clickElement on session bdf231c7-112a-4662-bb7c-134409c09f2a to remote] DEBUG org.asynchttpclient.netty.request.NettyRequestSender -- Using open Channel [id: 0x0e8458e8, L:/127.0.0.1:58334 - R:localhost/127.0.0.1:4723] for POST '/session/bdf231c7-112a-4662-bb7c-134409c09f2a/element/00000000-0000-0136-ffff-ffff00000020/click'
19:25:37.886 [AsyncHttpClient-1-2] DEBUG org.asynchttpclient.netty.handler.HttpHandler -- 

Request DefaultHttpRequest(decodeResult: success, version: HTTP/1.1)
POST /session/bdf231c7-112a-4662-bb7c-134409c09f2a/element/00000000-0000-0136-ffff-ffff00000020/click HTTP/1.1
User-Agent: appium/8.6.0 (selenium/4.13.0 (java mac))
Content-Length: 50
Content-Type: application/json; charset=utf-8
host: localhost:4723
accept: */*

Response DefaultHttpResponse(decodeResult: success, version: HTTP/1.1)
HTTP/1.1 200 OK
X-Powered-By: Express
Vary: X-HTTP-Method-Override
Content-Type: application/json; charset=utf-8
Content-Length: 14
ETag: W/"e-9/1BuKMgFObM1mWJm+YjxtXJnUM"
Date: Mon, 20 Oct 2025 16:25:37 GMT
Connection: keep-alive
Keep-Alive: timeout=600

19:25:37.887 [AsyncHttpClient-1-2] DEBUG org.asynchttpclient.netty.channel.ChannelManager -- Adding key: http://localhost:4723 for channel [id: 0x0e8458e8, L:/127.0.0.1:58334 - R:localhost/127.0.0.1:4723]
19:25:37.893 [TestNG-PoolService-1] INFO pages.CommonPage -- Successfully navigated to menu item: Activity
19:25:37.894 [TestNG-PoolService-1] INFO pages.CommonPage -- Navigating to menu item: Custom Title
19:25:37.895 [Forwarding findElement on session bdf231c7-112a-4662-bb7c-134409c09f2a to remote] DEBUG org.asynchttpclient.netty.request.NettyRequestSender -- Using pooled Channel '[id: 0x0e8458e8, L:/127.0.0.1:58334 - R:localhost/127.0.0.1:4723]' for 'POST' to 'http://localhost:4723/session/bdf231c7-112a-4662-bb7c-134409c09f2a/element'
19:25:37.895 [Forwarding findElement on session bdf231c7-112a-4662-bb7c-134409c09f2a to remote] DEBUG org.asynchttpclient.netty.request.NettyRequestSender -- Using open Channel [id: 0x0e8458e8, L:/127.0.0.1:58334 - R:localhost/127.0.0.1:4723] for POST '/session/bdf231c7-112a-4662-bb7c-134409c09f2a/element'
19:25:37.953 [AsyncHttpClient-1-2] DEBUG org.asynchttpclient.netty.handler.HttpHandler -- 

Request DefaultHttpRequest(decodeResult: success, version: HTTP/1.1)
POST /session/bdf231c7-112a-4662-bb7c-134409c09f2a/element HTTP/1.1
User-Agent: appium/8.6.0 (selenium/4.13.0 (java mac))
Content-Length: 102
Content-Type: application/json; charset=utf-8
host: localhost:4723
accept: */*

Response DefaultHttpResponse(decodeResult: success, version: HTTP/1.1)
HTTP/1.1 200 OK
X-Powered-By: Express
Vary: X-HTTP-Method-Override
Content-Type: application/json; charset=utf-8
Content-Length: 137
ETag: W/"89-2K9qtMBwRsCebCjLGuyXJbMJxX8"
Date: Mon, 20 Oct 2025 16:25:37 GMT
Connection: keep-alive
Keep-Alive: timeout=600

19:25:37.953 [AsyncHttpClient-1-2] DEBUG org.asynchttpclient.netty.channel.ChannelManager -- Adding key: http://localhost:4723 for channel [id: 0x0e8458e8, L:/127.0.0.1:58334 - R:localhost/127.0.0.1:4723]
19:25:37.954 [Forwarding isElementDisplayed on session bdf231c7-112a-4662-bb7c-134409c09f2a to remote] DEBUG org.asynchttpclient.netty.request.NettyRequestSender -- Using pooled Channel '[id: 0x0e8458e8, L:/127.0.0.1:58334 - R:localhost/127.0.0.1:4723]' for 'GET' to 'http://localhost:4723/session/bdf231c7-112a-4662-bb7c-134409c09f2a/element/00000000-0000-0137-ffff-ffff00000039/displayed'
19:25:37.954 [Forwarding isElementDisplayed on session bdf231c7-112a-4662-bb7c-134409c09f2a to remote] DEBUG org.asynchttpclient.netty.request.NettyRequestSender -- Using open Channel [id: 0x0e8458e8, L:/127.0.0.1:58334 - R:localhost/127.0.0.1:4723] for GET '/session/bdf231c7-112a-4662-bb7c-134409c09f2a/element/00000000-0000-0137-ffff-ffff00000039/displayed'
19:25:37.968 [AsyncHttpClient-1-2] DEBUG org.asynchttpclient.netty.handler.HttpHandler -- 

Request DefaultFullHttpRequest(decodeResult: success, version: HTTP/1.1, content: EmptyByteBufBE)
GET /session/bdf231c7-112a-4662-bb7c-134409c09f2a/element/00000000-0000-0137-ffff-ffff00000039/displayed HTTP/1.1
Cache-Control: no-cache
User-Agent: appium/8.6.0 (selenium/4.13.0 (java mac))
Content-Type: application/json; charset=utf-8
host: localhost:4723
accept: */*

Response DefaultHttpResponse(decodeResult: success, version: HTTP/1.1)
HTTP/1.1 200 OK
X-Powered-By: Express
Content-Type: application/json; charset=utf-8
Content-Length: 14
ETag: W/"e-2ZHvAWebNQpyjGZTg6uyV8/spTo"
Date: Mon, 20 Oct 2025 16:25:37 GMT
Connection: keep-alive
Keep-Alive: timeout=600

19:25:37.968 [AsyncHttpClient-1-2] DEBUG org.asynchttpclient.netty.channel.ChannelManager -- Adding key: http://localhost:4723 for channel [id: 0x0e8458e8, L:/127.0.0.1:58334 - R:localhost/127.0.0.1:4723]
19:25:37.969 [Forwarding isElementDisplayed on session bdf231c7-112a-4662-bb7c-134409c09f2a to remote] DEBUG org.asynchttpclient.netty.request.NettyRequestSender -- Using pooled Channel '[id: 0x0e8458e8, L:/127.0.0.1:58334 - R:localhost/127.0.0.1:4723]' for 'GET' to 'http://localhost:4723/session/bdf231c7-112a-4662-bb7c-134409c09f2a/element/00000000-0000-0137-ffff-ffff00000039/displayed'
19:25:37.969 [Forwarding isElementDisplayed on session bdf231c7-112a-4662-bb7c-134409c09f2a to remote] DEBUG org.asynchttpclient.netty.request.NettyRequestSender -- Using open Channel [id: 0x0e8458e8, L:/127.0.0.1:58334 - R:localhost/127.0.0.1:4723] for GET '/session/bdf231c7-112a-4662-bb7c-134409c09f2a/element/00000000-0000-0137-ffff-ffff00000039/displayed'
19:25:37.979 [AsyncHttpClient-1-2] DEBUG org.asynchttpclient.netty.handler.HttpHandler -- 

Request DefaultFullHttpRequest(decodeResult: success, version: HTTP/1.1, content: EmptyByteBufBE)
GET /session/bdf231c7-112a-4662-bb7c-134409c09f2a/element/00000000-0000-0137-ffff-ffff00000039/displayed HTTP/1.1
Cache-Control: no-cache
User-Agent: appium/8.6.0 (selenium/4.13.0 (java mac))
Content-Type: application/json; charset=utf-8
host: localhost:4723
accept: */*

Response DefaultHttpResponse(decodeResult: success, version: HTTP/1.1)
HTTP/1.1 200 OK
X-Powered-By: Express
Content-Type: application/json; charset=utf-8
Content-Length: 14
ETag: W/"e-2ZHvAWebNQpyjGZTg6uyV8/spTo"
Date: Mon, 20 Oct 2025 16:25:37 GMT
Connection: keep-alive
Keep-Alive: timeout=600

19:25:37.979 [AsyncHttpClient-1-2] DEBUG org.asynchttpclient.netty.channel.ChannelManager -- Adding key: http://localhost:4723 for channel [id: 0x0e8458e8, L:/127.0.0.1:58334 - R:localhost/127.0.0.1:4723]
19:25:37.980 [Forwarding isElementEnabled on session bdf231c7-112a-4662-bb7c-134409c09f2a to remote] DEBUG org.asynchttpclient.netty.request.NettyRequestSender -- Using pooled Channel '[id: 0x0e8458e8, L:/127.0.0.1:58334 - R:localhost/127.0.0.1:4723]' for 'GET' to 'http://localhost:4723/session/bdf231c7-112a-4662-bb7c-134409c09f2a/element/00000000-0000-0137-ffff-ffff00000039/enabled'
19:25:37.980 [Forwarding isElementEnabled on session bdf231c7-112a-4662-bb7c-134409c09f2a to remote] DEBUG org.asynchttpclient.netty.request.NettyRequestSender -- Using open Channel [id: 0x0e8458e8, L:/127.0.0.1:58334 - R:localhost/127.0.0.1:4723] for GET '/session/bdf231c7-112a-4662-bb7c-134409c09f2a/element/00000000-0000-0137-ffff-ffff00000039/enabled'
19:25:37.988 [AsyncHttpClient-1-2] DEBUG org.asynchttpclient.netty.handler.HttpHandler -- 

Request DefaultFullHttpRequest(decodeResult: success, version: HTTP/1.1, content: EmptyByteBufBE)
GET /session/bdf231c7-112a-4662-bb7c-134409c09f2a/element/00000000-0000-0137-ffff-ffff00000039/enabled HTTP/1.1
Cache-Control: no-cache
User-Agent: appium/8.6.0 (selenium/4.13.0 (java mac))
Content-Type: application/json; charset=utf-8
host: localhost:4723
accept: */*

Response DefaultHttpResponse(decodeResult: success, version: HTTP/1.1)
HTTP/1.1 200 OK
X-Powered-By: Express
Content-Type: application/json; charset=utf-8
Content-Length: 14
ETag: W/"e-2ZHvAWebNQpyjGZTg6uyV8/spTo"
Date: Mon, 20 Oct 2025 16:25:37 GMT
Connection: keep-alive
Keep-Alive: timeout=600

19:25:37.988 [AsyncHttpClient-1-2] DEBUG org.asynchttpclient.netty.channel.ChannelManager -- Adding key: http://localhost:4723 for channel [id: 0x0e8458e8, L:/127.0.0.1:58334 - R:localhost/127.0.0.1:4723]
19:25:37.989 [Forwarding clickElement on session bdf231c7-112a-4662-bb7c-134409c09f2a to remote] DEBUG org.asynchttpclient.netty.request.NettyRequestSender -- Using pooled Channel '[id: 0x0e8458e8, L:/127.0.0.1:58334 - R:localhost/127.0.0.1:4723]' for 'POST' to 'http://localhost:4723/session/bdf231c7-112a-4662-bb7c-134409c09f2a/element/00000000-0000-0137-ffff-ffff00000039/click'
19:25:37.989 [Forwarding clickElement on session bdf231c7-112a-4662-bb7c-134409c09f2a to remote] DEBUG org.asynchttpclient.netty.request.NettyRequestSender -- Using open Channel [id: 0x0e8458e8, L:/127.0.0.1:58334 - R:localhost/127.0.0.1:4723] for POST '/session/bdf231c7-112a-4662-bb7c-134409c09f2a/element/00000000-0000-0137-ffff-ffff00000039/click'
19:25:38.653 [AsyncHttpClient-1-2] DEBUG org.asynchttpclient.netty.handler.HttpHandler -- 

Request DefaultHttpRequest(decodeResult: success, version: HTTP/1.1)
POST /session/bdf231c7-112a-4662-bb7c-134409c09f2a/element/00000000-0000-0137-ffff-ffff00000039/click HTTP/1.1
User-Agent: appium/8.6.0 (selenium/4.13.0 (java mac))
Content-Length: 50
Content-Type: application/json; charset=utf-8
host: localhost:4723
accept: */*

Response DefaultHttpResponse(decodeResult: success, version: HTTP/1.1)
HTTP/1.1 200 OK
X-Powered-By: Express
Vary: X-HTTP-Method-Override
Content-Type: application/json; charset=utf-8
Content-Length: 14
ETag: W/"e-9/1BuKMgFObM1mWJm+YjxtXJnUM"
Date: Mon, 20 Oct 2025 16:25:38 GMT
Connection: keep-alive
Keep-Alive: timeout=600

19:25:38.654 [AsyncHttpClient-1-2] DEBUG org.asynchttpclient.netty.channel.ChannelManager -- Adding key: http://localhost:4723 for channel [id: 0x0e8458e8, L:/127.0.0.1:58334 - R:localhost/127.0.0.1:4723]
19:25:38.654 [TestNG-PoolService-1] INFO pages.CommonPage -- Successfully navigated to menu item: Custom Title
19:25:38.666 [TestNG-PoolService-1] ERROR stepdefinations.Hooks -- Senaryo BAŞARISIZ: Validate default and updated texts in Custom Title Activity
19:25:38.668 [Forwarding screenshot on session bdf231c7-112a-4662-bb7c-134409c09f2a to remote] DEBUG org.asynchttpclient.netty.request.NettyRequestSender -- Using pooled Channel '[id: 0x0e8458e8, L:/127.0.0.1:58334 - R:localhost/127.0.0.1:4723]' for 'GET' to 'http://localhost:4723/session/bdf231c7-112a-4662-bb7c-134409c09f2a/screenshot'
19:25:38.668 [Forwarding screenshot on session bdf231c7-112a-4662-bb7c-134409c09f2a to remote] DEBUG org.asynchttpclient.netty.request.NettyRequestSender -- Using open Channel [id: 0x0e8458e8, L:/127.0.0.1:58334 - R:localhost/127.0.0.1:4723] for GET '/session/bdf231c7-112a-4662-bb7c-134409c09f2a/screenshot'
19:25:38.825 [AsyncHttpClient-1-2] DEBUG org.asynchttpclient.netty.handler.HttpHandler -- 

Request DefaultFullHttpRequest(decodeResult: success, version: HTTP/1.1, content: EmptyByteBufBE)
GET /session/bdf231c7-112a-4662-bb7c-134409c09f2a/screenshot HTTP/1.1
Cache-Control: no-cache
User-Agent: appium/8.6.0 (selenium/4.13.0 (java mac))
Content-Type: application/json; charset=utf-8
host: localhost:4723
accept: */*

Response DefaultHttpResponse(decodeResult: success, version: HTTP/1.1)
HTTP/1.1 200 OK
X-Powered-By: Express
Content-Type: application/json; charset=utf-8
Content-Length: 134340
ETag: W/"20cc4-1qhrW6uwSopJXNflGXhPE/E75MA"
Date: Mon, 20 Oct 2025 16:25:38 GMT
Connection: keep-alive
Keep-Alive: timeout=600

19:25:38.829 [AsyncHttpClient-1-2] DEBUG org.asynchttpclient.netty.channel.ChannelManager -- Adding key: http://localhost:4723 for channel [id: 0x0e8458e8, L:/127.0.0.1:58334 - R:localhost/127.0.0.1:4723]
19:25:38.851 [TestNG-PoolService-1] INFO stepdefinations.Hooks -- Ekran görüntüsü alındı ve rapora eklendi.
19:25:38.853 [Forwarding quit on session bdf231c7-112a-4662-bb7c-134409c09f2a to remote] DEBUG org.asynchttpclient.netty.request.NettyRequestSender -- Using pooled Channel '[id: 0x0e8458e8, L:/127.0.0.1:58334 - R:localhost/127.0.0.1:4723]' for 'DELETE' to 'http://localhost:4723/session/bdf231c7-112a-4662-bb7c-134409c09f2a'
19:25:38.853 [Forwarding quit on session bdf231c7-112a-4662-bb7c-134409c09f2a to remote] DEBUG org.asynchttpclient.netty.request.NettyRequestSender -- Using open Channel [id: 0x0e8458e8, L:/127.0.0.1:58334 - R:localhost/127.0.0.1:4723] for DELETE '/session/bdf231c7-112a-4662-bb7c-134409c09f2a'
19:25:39.037 [AsyncHttpClient-1-2] DEBUG org.asynchttpclient.netty.handler.HttpHandler -- 

Request DefaultFullHttpRequest(decodeResult: success, version: HTTP/1.1, content: EmptyByteBufBE)
DELETE /session/bdf231c7-112a-4662-bb7c-134409c09f2a HTTP/1.1
User-Agent: appium/8.6.0 (selenium/4.13.0 (java mac))
Content-Type: application/json; charset=utf-8
host: localhost:4723
accept: */*

Response DefaultHttpResponse(decodeResult: success, version: HTTP/1.1)
HTTP/1.1 200 OK
X-Powered-By: Express
Content-Type: application/json; charset=utf-8
Content-Length: 14
ETag: W/"e-9/1BuKMgFObM1mWJm+YjxtXJnUM"
Date: Mon, 20 Oct 2025 16:25:39 GMT
Connection: keep-alive
Keep-Alive: timeout=600

19:25:39.038 [AsyncHttpClient-1-2] DEBUG org.asynchttpclient.netty.channel.ChannelManager -- Adding key: http://localhost:4723 for channel [id: 0x0e8458e8, L:/127.0.0.1:58334 - R:localhost/127.0.0.1:4723]
19:25:39.040 [TestNG-PoolService-1] INFO driver.DriverFactory -- Driver sonlandırıldı. Thread: 32
]]></system-out>
  </testcase>
</testsuite>